SE(3) iteration 0 [0.4475 0.4004]
SE(3) iteration 1 [0.446  0.4443]
SE(3) iteration 2 [0.462 0.455]
SE(3) iteration 3 [0.442  0.4504]
SE(3) iteration 4 [0.463 0.486]
SE(3) iteration 5 [0.499 0.542]
SE(3) iteration 6 [0.5347 0.588 ]
SE(3) iteration 7 [0.5483 0.6226]
SE(3) iteration 8 [0.5786 0.6333]
SE(3) iteration 9 [0.607 0.647]
SE(3) iteration 10 [0.621  0.6577]
SE(3) iteration 11 [0.6455 0.6504]
SE(3) iteration 12 [0.655 0.657]
SE(3) iteration 13 [0.6562 0.655 ]
SE(3) iteration 14 [0.6475 0.652 ]
SE(3) iteration 15 [0.655  0.6523]
SE(3) iteration 16 [0.6553 0.655 ]
SE(3) iteration 17 [0.652  0.6533]
SE(3) iteration 18 [0.655  0.6475]
SE(3) iteration 19 [0.654 0.641]
SE(3) iteration 20 [0.6494 0.645 ]
SE(3) iteration 21 [0.646  0.6436]
SE(3) iteration 22 [0.643  0.6475]
SE(3) iteration 23 [0.6494 0.6436]
SE(3) iteration 24 [0.632 0.65 ]
SE(3) iteration 25 [0.6455 0.6313]
SE(3) iteration 26 [0.6255 0.6406]
SE(3) iteration 27 [0.645 0.635]
SE(3) iteration 28 [0.629  0.6357]
SE(3) iteration 29 [0.632 0.647]
SE(3) iteration 30 [0.638  0.6377]
SE(3) iteration 31 [0.6323 0.632 ]
