SE(3) iteration 0 [0.4028 0.4497]
SE(3) iteration 1 [0.4302 0.469 ]
SE(3) iteration 2 [0.412  0.4504]
SE(3) iteration 3 [0.4126 0.4492]
SE(3) iteration 4 [0.449 0.486]
SE(3) iteration 5 [0.481 0.536]
SE(3) iteration 6 [0.5034 0.5664]
SE(3) iteration 7 [0.5293 0.5938]
SE(3) iteration 8 [0.56   0.6064]
SE(3) iteration 9 [0.5874 0.621 ]
SE(3) iteration 10 [0.603  0.6294]
SE(3) iteration 11 [0.615  0.6323]
SE(3) iteration 12 [0.6226 0.628 ]
SE(3) iteration 13 [0.632 0.633]
SE(3) iteration 14 [0.6333 0.6367]
SE(3) iteration 15 [0.6367 0.644 ]
SE(3) iteration 16 [0.6353 0.6377]
SE(3) iteration 17 [0.634 0.646]
SE(3) iteration 18 [0.634 0.637]
SE(3) iteration 19 [0.6353 0.6436]
SE(3) iteration 20 [0.6387 0.6353]
SE(3) iteration 21 [0.6377 0.643 ]
SE(3) iteration 22 [0.641  0.6274]
SE(3) iteration 23 [0.6445 0.6465]
SE(3) iteration 24 [0.6455 0.63  ]
SE(3) iteration 25 [0.6353 0.6475]
SE(3) iteration 26 [0.6333 0.6255]
SE(3) iteration 27 [0.622 0.641]
SE(3) iteration 28 [0.637 0.634]
SE(3) iteration 29 [0.6265 0.6367]
SE(3) iteration 30 [0.644 0.63 ]
SE(3) iteration 31 [0.626 0.628]
SE(3) iteration 32 [0.645 0.636]
SE(3) iteration 33 [0.631  0.6147]
SE(3) iteration 34 [0.6436 0.6313]
SE(3) iteration 35 [0.618  0.6265]
SE(3) iteration 36 [0.643 0.612]
SE(3) iteration 37 [0.631  0.6333]
SE(3) iteration 38 [0.629 0.613]
SE(3) iteration 39 [0.6377 0.641 ]
SE(3) iteration 40 [0.6333 0.6157]
SE(3) iteration 41 [0.6245 0.6245]
SE(3) iteration 42 [0.6396 0.634 ]
SE(3) iteration 43 [0.6157 0.6104]
SE(3) iteration 44 [0.6377 0.6245]
SE(3) iteration 45 [0.617  0.6035]
SE(3) iteration 46 [0.6333 0.626 ]
