SE(3) iteration 0 [0.3948 0.4016]
SE(3) iteration 1 [0.429  0.4353]
SE(3) iteration 2 [0.424  0.4844]
SE(3) iteration 3 [0.4546 0.468 ]
SE(3) iteration 4 [0.484  0.5024]
SE(3) iteration 5 [0.533 0.542]
SE(3) iteration 6 [0.556  0.5635]
SE(3) iteration 7 [0.5776 0.596 ]
SE(3) iteration 8 [0.6055 0.624 ]
SE(3) iteration 9 [0.634  0.6313]
SE(3) iteration 10 [0.654  0.6523]
SE(3) iteration 11 [0.664  0.6553]
SE(3) iteration 12 [0.672 0.661]
SE(3) iteration 13 [0.669  0.6475]
SE(3) iteration 14 [0.672 0.655]
SE(3) iteration 15 [0.664  0.6553]
SE(3) iteration 16 [0.66  0.666]
SE(3) iteration 17 [0.66  0.663]
SE(3) iteration 18 [0.659 0.672]
SE(3) iteration 19 [0.6587 0.6685]
SE(3) iteration 20 [0.6562 0.669 ]
SE(3) iteration 21 [0.6514 0.666 ]
SE(3) iteration 22 [0.6587 0.6685]
SE(3) iteration 23 [0.6562 0.6577]
SE(3) iteration 24 [0.658 0.66 ]
SE(3) iteration 25 [0.651  0.6665]
SE(3) iteration 26 [0.6616 0.6665]
SE(3) iteration 27 [0.6533 0.6514]
SE(3) iteration 28 [0.665  0.6665]
SE(3) iteration 29 [0.6606 0.6323]
SE(3) iteration 30 [0.659 0.661]
SE(3) iteration 31 [0.6606 0.632 ]
SE(3) iteration 32 [0.655 0.67 ]
SE(3) iteration 33 [0.6533 0.632 ]
