SE(3) iteration 0 [0.4307 0.435 ]
SE(3) iteration 1 [0.46   0.4446]
SE(3) iteration 2 [0.4395 0.4436]
SE(3) iteration 3 [0.4285 0.4531]
SE(3) iteration 4 [0.47  0.514]
SE(3) iteration 5 [0.5166 0.541 ]
SE(3) iteration 6 [0.568 0.591]
SE(3) iteration 7 [0.5884 0.6167]
SE(3) iteration 8 [0.6104 0.6255]
SE(3) iteration 9 [0.6255 0.641 ]
SE(3) iteration 10 [0.6313 0.6445]
SE(3) iteration 11 [0.643  0.6484]
SE(3) iteration 12 [0.6475 0.649 ]
SE(3) iteration 13 [0.64   0.6465]
SE(3) iteration 14 [0.645  0.6436]
SE(3) iteration 15 [0.6406 0.6367]
SE(3) iteration 16 [0.6416 0.6387]
SE(3) iteration 17 [0.64  0.636]
SE(3) iteration 18 [0.636 0.633]
SE(3) iteration 19 [0.6333 0.6357]
SE(3) iteration 20 [0.6304 0.616 ]
SE(3) iteration 21 [0.6323 0.6367]
SE(3) iteration 22 [0.6255 0.6123]
SE(3) iteration 23 [0.6333 0.6226]
SE(3) iteration 24 [0.6133 0.624 ]
SE(3) iteration 25 [0.627 0.634]
SE(3) iteration 26 [0.616  0.6187]
SE(3) iteration 27 [0.624  0.6045]
SE(3) iteration 28 [0.6216 0.6226]
SE(3) iteration 29 [0.62  0.611]
SE(3) iteration 30 [0.6235 0.6245]
SE(3) iteration 31 [0.6    0.6045]
SE(3) iteration 32 [0.622  0.6235]
SE(3) iteration 33 [0.596 0.616]
