SE(3) iteration 0 [0.4255 0.4456]
SE(3) iteration 1 [0.4475 0.4258]
SE(3) iteration 2 [0.4573 0.438 ]
SE(3) iteration 3 [0.4282 0.4666]
SE(3) iteration 4 [0.483 0.543]
SE(3) iteration 5 [0.516  0.5547]
SE(3) iteration 6 [0.5527 0.592 ]
SE(3) iteration 7 [0.5874 0.611 ]
SE(3) iteration 8 [0.6025 0.622 ]
SE(3) iteration 9 [0.6216 0.6313]
SE(3) iteration 10 [0.6343 0.64  ]
SE(3) iteration 11 [0.6406 0.6514]
SE(3) iteration 12 [0.638 0.651]
SE(3) iteration 13 [0.6377 0.6504]
SE(3) iteration 14 [0.645 0.644]
SE(3) iteration 15 [0.6426 0.6377]
SE(3) iteration 16 [0.6445 0.6333]
SE(3) iteration 17 [0.6445 0.6343]
SE(3) iteration 18 [0.6426 0.639 ]
SE(3) iteration 19 [0.6416 0.6265]
SE(3) iteration 20 [0.6357 0.6304]
SE(3) iteration 21 [0.634  0.6074]
SE(3) iteration 22 [0.6343 0.629 ]
SE(3) iteration 23 [0.6265 0.614 ]
SE(3) iteration 24 [0.634 0.617]
SE(3) iteration 25 [0.605 0.615]
SE(3) iteration 26 [0.628  0.6113]
SE(3) iteration 27 [0.608  0.6123]
SE(3) iteration 28 [0.61  0.607]
SE(3) iteration 29 [0.605  0.6055]
SE(3) iteration 30 [0.612  0.6084]
SE(3) iteration 31 [0.609 0.605]
SE(3) iteration 32 [0.615 0.616]
