SE(3) iteration 0 [0.4287 0.4744]
SE(3) iteration 1 [0.4285 0.4832]
SE(3) iteration 2 [0.4573 0.459 ]
SE(3) iteration 3 [0.4246 0.4297]
SE(3) iteration 4 [0.4482 0.4526]
SE(3) iteration 5 [0.4758 0.5176]
SE(3) iteration 6 [0.4963 0.5566]
SE(3) iteration 7 [0.539  0.5874]
SE(3) iteration 8 [0.565  0.5986]
SE(3) iteration 9 [0.5938 0.613 ]
SE(3) iteration 10 [0.61  0.626]
SE(3) iteration 11 [0.625 0.636]
SE(3) iteration 12 [0.6387 0.6445]
SE(3) iteration 13 [0.6406 0.6377]
SE(3) iteration 14 [0.6294 0.6353]
SE(3) iteration 15 [0.6494 0.641 ]
SE(3) iteration 16 [0.6333 0.651 ]
SE(3) iteration 17 [0.6475 0.641 ]
SE(3) iteration 18 [0.636  0.6504]
SE(3) iteration 19 [0.6436 0.6367]
SE(3) iteration 20 [0.6396 0.6465]
SE(3) iteration 21 [0.6465 0.637 ]
SE(3) iteration 22 [0.648 0.644]
SE(3) iteration 23 [0.6484 0.638 ]
SE(3) iteration 24 [0.6426 0.6465]
SE(3) iteration 25 [0.64   0.6333]
SE(3) iteration 26 [0.633 0.649]
SE(3) iteration 27 [0.636  0.6304]
SE(3) iteration 28 [0.622  0.6475]
SE(3) iteration 29 [0.6396 0.6313]
SE(3) iteration 30 [0.6304 0.6475]
SE(3) iteration 31 [0.6475 0.6313]
SE(3) iteration 32 [0.633  0.6426]
SE(3) iteration 33 [0.643 0.631]
SE(3) iteration 34 [0.6255 0.6416]
SE(3) iteration 35 [0.6465 0.622 ]
SE(3) iteration 36 [0.6284 0.645 ]
SE(3) iteration 37 [0.6523 0.623 ]
SE(3) iteration 38 [0.628 0.636]
SE(3) iteration 39 [0.646  0.6313]
SE(3) iteration 40 [0.629 0.637]
SE(3) iteration 41 [0.6426 0.631 ]
SE(3) iteration 42 [0.627 0.631]
SE(3) iteration 43 [0.65  0.618]
SE(3) iteration 44 [0.624  0.6396]
SE(3) iteration 45 [0.6475 0.6196]
SE(3) iteration 46 [0.629  0.6426]
SE(3) iteration 47 [0.636  0.6245]
SE(3) iteration 48 [0.62   0.6377]
SE(3) iteration 49 [0.6357 0.6206]
SE(3) iteration 50 [0.6226 0.6416]
SE(3) iteration 51 [0.6445 0.6216]
SE(3) iteration 52 [0.62 0.64]
SE(3) iteration 53 [0.635  0.6245]
SE(3) iteration 54 [0.625  0.6406]
SE(3) iteration 55 [0.6416 0.612 ]
SE(3) iteration 56 [0.6206 0.6416]
SE(3) iteration 57 [0.638 0.625]
SE(3) iteration 58 [0.62  0.642]
