- 20:20:17.732 ERROR: Input file (rosettafold/vp0_perp/perp15.fasta) could not be opened!

- 20:20:18.517 INFO: Input file = /gpfs/gsfs8/users/cresswellclayec/DCA_ER/furano_periwal_prot/rosettafold/pyrosetta_out_vp0_p15/hhblits/t000_.1e-30.a3m

- 20:20:18.517 INFO: Output file = /gpfs/gsfs8/users/cresswellclayec/DCA_ER/furano_periwal_prot/rosettafold/pyrosetta_out_vp0_p15/hhblits/t000_.1e-30.id90cov75.a3m

- 20:20:18.517 ERROR: In /usr/local/apps/RoseTTAFold/1.1.0/hh-suite/src/hhfilter.cpp:177: main:

- 20:20:18.517 ERROR: 	could not open file '/gpfs/gsfs8/users/cresswellclayec/DCA_ER/furano_periwal_prot/rosettafold/pyrosetta_out_vp0_p15/hhblits/t000_.1e-30.a3m'

- 20:20:18.520 INFO: Input file = /gpfs/gsfs8/users/cresswellclayec/DCA_ER/furano_periwal_prot/rosettafold/pyrosetta_out_vp0_p15/hhblits/t000_.1e-30.a3m

- 20:20:18.520 INFO: Output file = /gpfs/gsfs8/users/cresswellclayec/DCA_ER/furano_periwal_prot/rosettafold/pyrosetta_out_vp0_p15/hhblits/t000_.1e-30.id90cov50.a3m

- 20:20:18.520 ERROR: In /usr/local/apps/RoseTTAFold/1.1.0/hh-suite/src/hhfilter.cpp:177: main:

- 20:20:18.520 ERROR: 	could not open file '/gpfs/gsfs8/users/cresswellclayec/DCA_ER/furano_periwal_prot/rosettafold/pyrosetta_out_vp0_p15/hhblits/t000_.1e-30.a3m'

grep: /gpfs/gsfs8/users/cresswellclayec/DCA_ER/furano_periwal_prot/rosettafold/pyrosetta_out_vp0_p15/hhblits/t000_.1e-30.id90cov75.a3m: No such file or directory
grep: /gpfs/gsfs8/users/cresswellclayec/DCA_ER/furano_periwal_prot/rosettafold/pyrosetta_out_vp0_p15/hhblits/t000_.1e-30.id90cov50.a3m: No such file or directory
- 20:20:36.593 ERROR: Input file (/gpfs/gsfs8/users/cresswellclayec/DCA_ER/furano_periwal_prot/rosettafold/pyrosetta_out_vp0_p15/hhblits/t000_.1e-30.id90cov50.a3m) could not be opened!

- 20:20:37.383 INFO: Input file = /gpfs/gsfs8/users/cresswellclayec/DCA_ER/furano_periwal_prot/rosettafold/pyrosetta_out_vp0_p15/hhblits/t000_.1e-10.a3m

- 20:20:37.384 INFO: Output file = /gpfs/gsfs8/users/cresswellclayec/DCA_ER/furano_periwal_prot/rosettafold/pyrosetta_out_vp0_p15/hhblits/t000_.1e-10.id90cov75.a3m

- 20:20:37.384 ERROR: In /usr/local/apps/RoseTTAFold/1.1.0/hh-suite/src/hhfilter.cpp:177: main:

- 20:20:37.384 ERROR: 	could not open file '/gpfs/gsfs8/users/cresswellclayec/DCA_ER/furano_periwal_prot/rosettafold/pyrosetta_out_vp0_p15/hhblits/t000_.1e-10.a3m'

- 20:20:37.386 INFO: Input file = /gpfs/gsfs8/users/cresswellclayec/DCA_ER/furano_periwal_prot/rosettafold/pyrosetta_out_vp0_p15/hhblits/t000_.1e-10.a3m

- 20:20:37.386 INFO: Output file = /gpfs/gsfs8/users/cresswellclayec/DCA_ER/furano_periwal_prot/rosettafold/pyrosetta_out_vp0_p15/hhblits/t000_.1e-10.id90cov50.a3m

- 20:20:37.386 ERROR: In /usr/local/apps/RoseTTAFold/1.1.0/hh-suite/src/hhfilter.cpp:177: main:

- 20:20:37.386 ERROR: 	could not open file '/gpfs/gsfs8/users/cresswellclayec/DCA_ER/furano_periwal_prot/rosettafold/pyrosetta_out_vp0_p15/hhblits/t000_.1e-10.a3m'

grep: /gpfs/gsfs8/users/cresswellclayec/DCA_ER/furano_periwal_prot/rosettafold/pyrosetta_out_vp0_p15/hhblits/t000_.1e-10.id90cov75.a3m: No such file or directory
grep: /gpfs/gsfs8/users/cresswellclayec/DCA_ER/furano_periwal_prot/rosettafold/pyrosetta_out_vp0_p15/hhblits/t000_.1e-10.id90cov50.a3m: No such file or directory
- 20:20:55.454 ERROR: Input file (/gpfs/gsfs8/users/cresswellclayec/DCA_ER/furano_periwal_prot/rosettafold/pyrosetta_out_vp0_p15/hhblits/t000_.1e-10.id90cov50.a3m) could not be opened!

- 20:20:56.243 INFO: Input file = /gpfs/gsfs8/users/cresswellclayec/DCA_ER/furano_periwal_prot/rosettafold/pyrosetta_out_vp0_p15/hhblits/t000_.1e-6.a3m

- 20:20:56.243 INFO: Output file = /gpfs/gsfs8/users/cresswellclayec/DCA_ER/furano_periwal_prot/rosettafold/pyrosetta_out_vp0_p15/hhblits/t000_.1e-6.id90cov75.a3m

- 20:20:56.243 ERROR: In /usr/local/apps/RoseTTAFold/1.1.0/hh-suite/src/hhfilter.cpp:177: main:

- 20:20:56.243 ERROR: 	could not open file '/gpfs/gsfs8/users/cresswellclayec/DCA_ER/furano_periwal_prot/rosettafold/pyrosetta_out_vp0_p15/hhblits/t000_.1e-6.a3m'

- 20:20:56.245 INFO: Input file = /gpfs/gsfs8/users/cresswellclayec/DCA_ER/furano_periwal_prot/rosettafold/pyrosetta_out_vp0_p15/hhblits/t000_.1e-6.a3m

- 20:20:56.246 INFO: Output file = /gpfs/gsfs8/users/cresswellclayec/DCA_ER/furano_periwal_prot/rosettafold/pyrosetta_out_vp0_p15/hhblits/t000_.1e-6.id90cov50.a3m

- 20:20:56.246 ERROR: In /usr/local/apps/RoseTTAFold/1.1.0/hh-suite/src/hhfilter.cpp:177: main:

- 20:20:56.246 ERROR: 	could not open file '/gpfs/gsfs8/users/cresswellclayec/DCA_ER/furano_periwal_prot/rosettafold/pyrosetta_out_vp0_p15/hhblits/t000_.1e-6.a3m'

grep: /gpfs/gsfs8/users/cresswellclayec/DCA_ER/furano_periwal_prot/rosettafold/pyrosetta_out_vp0_p15/hhblits/t000_.1e-6.id90cov75.a3m: No such file or directory
grep: /gpfs/gsfs8/users/cresswellclayec/DCA_ER/furano_periwal_prot/rosettafold/pyrosetta_out_vp0_p15/hhblits/t000_.1e-6.id90cov50.a3m: No such file or directory
- 20:21:14.342 ERROR: Input file (/gpfs/gsfs8/users/cresswellclayec/DCA_ER/furano_periwal_prot/rosettafold/pyrosetta_out_vp0_p15/hhblits/t000_.1e-6.id90cov50.a3m) could not be opened!

- 20:21:15.135 INFO: Input file = /gpfs/gsfs8/users/cresswellclayec/DCA_ER/furano_periwal_prot/rosettafold/pyrosetta_out_vp0_p15/hhblits/t000_.1e-3.a3m

- 20:21:15.135 INFO: Output file = /gpfs/gsfs8/users/cresswellclayec/DCA_ER/furano_periwal_prot/rosettafold/pyrosetta_out_vp0_p15/hhblits/t000_.1e-3.id90cov75.a3m

- 20:21:15.135 ERROR: In /usr/local/apps/RoseTTAFold/1.1.0/hh-suite/src/hhfilter.cpp:177: main:

- 20:21:15.135 ERROR: 	could not open file '/gpfs/gsfs8/users/cresswellclayec/DCA_ER/furano_periwal_prot/rosettafold/pyrosetta_out_vp0_p15/hhblits/t000_.1e-3.a3m'

- 20:21:15.138 INFO: Input file = /gpfs/gsfs8/users/cresswellclayec/DCA_ER/furano_periwal_prot/rosettafold/pyrosetta_out_vp0_p15/hhblits/t000_.1e-3.a3m

- 20:21:15.138 INFO: Output file = /gpfs/gsfs8/users/cresswellclayec/DCA_ER/furano_periwal_prot/rosettafold/pyrosetta_out_vp0_p15/hhblits/t000_.1e-3.id90cov50.a3m

- 20:21:15.138 ERROR: In /usr/local/apps/RoseTTAFold/1.1.0/hh-suite/src/hhfilter.cpp:177: main:

- 20:21:15.138 ERROR: 	could not open file '/gpfs/gsfs8/users/cresswellclayec/DCA_ER/furano_periwal_prot/rosettafold/pyrosetta_out_vp0_p15/hhblits/t000_.1e-3.a3m'

grep: /gpfs/gsfs8/users/cresswellclayec/DCA_ER/furano_periwal_prot/rosettafold/pyrosetta_out_vp0_p15/hhblits/t000_.1e-3.id90cov75.a3m: No such file or directory
grep: /gpfs/gsfs8/users/cresswellclayec/DCA_ER/furano_periwal_prot/rosettafold/pyrosetta_out_vp0_p15/hhblits/t000_.1e-3.id90cov50.a3m: No such file or directory
cp: cannot stat ‘/gpfs/gsfs8/users/cresswellclayec/DCA_ER/furano_periwal_prot/rosettafold/pyrosetta_out_vp0_p15/hhblits/t000_.1e-3.id90cov50.a3m’: No such file or directory
