- 19:49:58.660 ERROR: Input file (rosettafold/vp0_perp/perp11.fasta) could not be opened!

- 19:49:59.443 INFO: Input file = /gpfs/gsfs8/users/cresswellclayec/DCA_ER/furano_periwal_prot/rosettafold/e2e_out_vp0_p11/hhblits/t000_.1e-30.a3m

- 19:49:59.443 INFO: Output file = /gpfs/gsfs8/users/cresswellclayec/DCA_ER/furano_periwal_prot/rosettafold/e2e_out_vp0_p11/hhblits/t000_.1e-30.id90cov75.a3m

- 19:49:59.443 ERROR: In /usr/local/apps/RoseTTAFold/1.1.0/hh-suite/src/hhfilter.cpp:177: main:

- 19:49:59.443 ERROR: 	could not open file '/gpfs/gsfs8/users/cresswellclayec/DCA_ER/furano_periwal_prot/rosettafold/e2e_out_vp0_p11/hhblits/t000_.1e-30.a3m'

- 19:49:59.446 INFO: Input file = /gpfs/gsfs8/users/cresswellclayec/DCA_ER/furano_periwal_prot/rosettafold/e2e_out_vp0_p11/hhblits/t000_.1e-30.a3m

- 19:49:59.446 INFO: Output file = /gpfs/gsfs8/users/cresswellclayec/DCA_ER/furano_periwal_prot/rosettafold/e2e_out_vp0_p11/hhblits/t000_.1e-30.id90cov50.a3m

- 19:49:59.446 ERROR: In /usr/local/apps/RoseTTAFold/1.1.0/hh-suite/src/hhfilter.cpp:177: main:

- 19:49:59.446 ERROR: 	could not open file '/gpfs/gsfs8/users/cresswellclayec/DCA_ER/furano_periwal_prot/rosettafold/e2e_out_vp0_p11/hhblits/t000_.1e-30.a3m'

grep: /gpfs/gsfs8/users/cresswellclayec/DCA_ER/furano_periwal_prot/rosettafold/e2e_out_vp0_p11/hhblits/t000_.1e-30.id90cov75.a3m: No such file or directory
grep: /gpfs/gsfs8/users/cresswellclayec/DCA_ER/furano_periwal_prot/rosettafold/e2e_out_vp0_p11/hhblits/t000_.1e-30.id90cov50.a3m: No such file or directory
- 19:50:17.514 ERROR: Input file (/gpfs/gsfs8/users/cresswellclayec/DCA_ER/furano_periwal_prot/rosettafold/e2e_out_vp0_p11/hhblits/t000_.1e-30.id90cov50.a3m) could not be opened!

- 19:50:18.303 INFO: Input file = /gpfs/gsfs8/users/cresswellclayec/DCA_ER/furano_periwal_prot/rosettafold/e2e_out_vp0_p11/hhblits/t000_.1e-10.a3m

- 19:50:18.303 INFO: Output file = /gpfs/gsfs8/users/cresswellclayec/DCA_ER/furano_periwal_prot/rosettafold/e2e_out_vp0_p11/hhblits/t000_.1e-10.id90cov75.a3m

- 19:50:18.303 ERROR: In /usr/local/apps/RoseTTAFold/1.1.0/hh-suite/src/hhfilter.cpp:177: main:

- 19:50:18.303 ERROR: 	could not open file '/gpfs/gsfs8/users/cresswellclayec/DCA_ER/furano_periwal_prot/rosettafold/e2e_out_vp0_p11/hhblits/t000_.1e-10.a3m'

- 19:50:18.306 INFO: Input file = /gpfs/gsfs8/users/cresswellclayec/DCA_ER/furano_periwal_prot/rosettafold/e2e_out_vp0_p11/hhblits/t000_.1e-10.a3m

- 19:50:18.306 INFO: Output file = /gpfs/gsfs8/users/cresswellclayec/DCA_ER/furano_periwal_prot/rosettafold/e2e_out_vp0_p11/hhblits/t000_.1e-10.id90cov50.a3m

- 19:50:18.306 ERROR: In /usr/local/apps/RoseTTAFold/1.1.0/hh-suite/src/hhfilter.cpp:177: main:

- 19:50:18.306 ERROR: 	could not open file '/gpfs/gsfs8/users/cresswellclayec/DCA_ER/furano_periwal_prot/rosettafold/e2e_out_vp0_p11/hhblits/t000_.1e-10.a3m'

grep: /gpfs/gsfs8/users/cresswellclayec/DCA_ER/furano_periwal_prot/rosettafold/e2e_out_vp0_p11/hhblits/t000_.1e-10.id90cov75.a3m: No such file or directory
grep: /gpfs/gsfs8/users/cresswellclayec/DCA_ER/furano_periwal_prot/rosettafold/e2e_out_vp0_p11/hhblits/t000_.1e-10.id90cov50.a3m: No such file or directory
- 19:50:36.415 ERROR: Input file (/gpfs/gsfs8/users/cresswellclayec/DCA_ER/furano_periwal_prot/rosettafold/e2e_out_vp0_p11/hhblits/t000_.1e-10.id90cov50.a3m) could not be opened!

- 19:50:37.209 INFO: Input file = /gpfs/gsfs8/users/cresswellclayec/DCA_ER/furano_periwal_prot/rosettafold/e2e_out_vp0_p11/hhblits/t000_.1e-6.a3m

- 19:50:37.209 INFO: Output file = /gpfs/gsfs8/users/cresswellclayec/DCA_ER/furano_periwal_prot/rosettafold/e2e_out_vp0_p11/hhblits/t000_.1e-6.id90cov75.a3m

- 19:50:37.209 ERROR: In /usr/local/apps/RoseTTAFold/1.1.0/hh-suite/src/hhfilter.cpp:177: main:

- 19:50:37.209 ERROR: 	could not open file '/gpfs/gsfs8/users/cresswellclayec/DCA_ER/furano_periwal_prot/rosettafold/e2e_out_vp0_p11/hhblits/t000_.1e-6.a3m'

- 19:50:37.212 INFO: Input file = /gpfs/gsfs8/users/cresswellclayec/DCA_ER/furano_periwal_prot/rosettafold/e2e_out_vp0_p11/hhblits/t000_.1e-6.a3m

- 19:50:37.213 INFO: Output file = /gpfs/gsfs8/users/cresswellclayec/DCA_ER/furano_periwal_prot/rosettafold/e2e_out_vp0_p11/hhblits/t000_.1e-6.id90cov50.a3m

- 19:50:37.213 ERROR: In /usr/local/apps/RoseTTAFold/1.1.0/hh-suite/src/hhfilter.cpp:177: main:

- 19:50:37.213 ERROR: 	could not open file '/gpfs/gsfs8/users/cresswellclayec/DCA_ER/furano_periwal_prot/rosettafold/e2e_out_vp0_p11/hhblits/t000_.1e-6.a3m'

grep: /gpfs/gsfs8/users/cresswellclayec/DCA_ER/furano_periwal_prot/rosettafold/e2e_out_vp0_p11/hhblits/t000_.1e-6.id90cov75.a3m: No such file or directory
grep: /gpfs/gsfs8/users/cresswellclayec/DCA_ER/furano_periwal_prot/rosettafold/e2e_out_vp0_p11/hhblits/t000_.1e-6.id90cov50.a3m: No such file or directory
- 19:50:55.309 ERROR: Input file (/gpfs/gsfs8/users/cresswellclayec/DCA_ER/furano_periwal_prot/rosettafold/e2e_out_vp0_p11/hhblits/t000_.1e-6.id90cov50.a3m) could not be opened!

- 19:50:56.108 INFO: Input file = /gpfs/gsfs8/users/cresswellclayec/DCA_ER/furano_periwal_prot/rosettafold/e2e_out_vp0_p11/hhblits/t000_.1e-3.a3m

- 19:50:56.108 INFO: Output file = /gpfs/gsfs8/users/cresswellclayec/DCA_ER/furano_periwal_prot/rosettafold/e2e_out_vp0_p11/hhblits/t000_.1e-3.id90cov75.a3m

- 19:50:56.108 ERROR: In /usr/local/apps/RoseTTAFold/1.1.0/hh-suite/src/hhfilter.cpp:177: main:

- 19:50:56.108 ERROR: 	could not open file '/gpfs/gsfs8/users/cresswellclayec/DCA_ER/furano_periwal_prot/rosettafold/e2e_out_vp0_p11/hhblits/t000_.1e-3.a3m'

- 19:50:56.110 INFO: Input file = /gpfs/gsfs8/users/cresswellclayec/DCA_ER/furano_periwal_prot/rosettafold/e2e_out_vp0_p11/hhblits/t000_.1e-3.a3m

- 19:50:56.111 INFO: Output file = /gpfs/gsfs8/users/cresswellclayec/DCA_ER/furano_periwal_prot/rosettafold/e2e_out_vp0_p11/hhblits/t000_.1e-3.id90cov50.a3m

- 19:50:56.111 ERROR: In /usr/local/apps/RoseTTAFold/1.1.0/hh-suite/src/hhfilter.cpp:177: main:

- 19:50:56.111 ERROR: 	could not open file '/gpfs/gsfs8/users/cresswellclayec/DCA_ER/furano_periwal_prot/rosettafold/e2e_out_vp0_p11/hhblits/t000_.1e-3.a3m'

grep: /gpfs/gsfs8/users/cresswellclayec/DCA_ER/furano_periwal_prot/rosettafold/e2e_out_vp0_p11/hhblits/t000_.1e-3.id90cov75.a3m: No such file or directory
grep: /gpfs/gsfs8/users/cresswellclayec/DCA_ER/furano_periwal_prot/rosettafold/e2e_out_vp0_p11/hhblits/t000_.1e-3.id90cov50.a3m: No such file or directory
cp: cannot stat ‘/gpfs/gsfs8/users/cresswellclayec/DCA_ER/furano_periwal_prot/rosettafold/e2e_out_vp0_p11/hhblits/t000_.1e-3.id90cov50.a3m’: No such file or directory
