- 20:11:29.457 ERROR: Input file (rosettafold/vp0_perp/perp8.fasta) could not be opened!

- 20:11:30.244 INFO: Input file = /gpfs/gsfs8/users/cresswellclayec/DCA_ER/furano_periwal_prot/rosettafold/pyrosetta_out_vp0_p8/hhblits/t000_.1e-30.a3m

- 20:11:30.244 INFO: Output file = /gpfs/gsfs8/users/cresswellclayec/DCA_ER/furano_periwal_prot/rosettafold/pyrosetta_out_vp0_p8/hhblits/t000_.1e-30.id90cov75.a3m

- 20:11:30.245 ERROR: In /usr/local/apps/RoseTTAFold/1.1.0/hh-suite/src/hhfilter.cpp:177: main:

- 20:11:30.245 ERROR: 	could not open file '/gpfs/gsfs8/users/cresswellclayec/DCA_ER/furano_periwal_prot/rosettafold/pyrosetta_out_vp0_p8/hhblits/t000_.1e-30.a3m'

- 20:11:30.247 INFO: Input file = /gpfs/gsfs8/users/cresswellclayec/DCA_ER/furano_periwal_prot/rosettafold/pyrosetta_out_vp0_p8/hhblits/t000_.1e-30.a3m

- 20:11:30.247 INFO: Output file = /gpfs/gsfs8/users/cresswellclayec/DCA_ER/furano_periwal_prot/rosettafold/pyrosetta_out_vp0_p8/hhblits/t000_.1e-30.id90cov50.a3m

- 20:11:30.247 ERROR: In /usr/local/apps/RoseTTAFold/1.1.0/hh-suite/src/hhfilter.cpp:177: main:

- 20:11:30.247 ERROR: 	could not open file '/gpfs/gsfs8/users/cresswellclayec/DCA_ER/furano_periwal_prot/rosettafold/pyrosetta_out_vp0_p8/hhblits/t000_.1e-30.a3m'

grep: /gpfs/gsfs8/users/cresswellclayec/DCA_ER/furano_periwal_prot/rosettafold/pyrosetta_out_vp0_p8/hhblits/t000_.1e-30.id90cov75.a3m: No such file or directory
grep: /gpfs/gsfs8/users/cresswellclayec/DCA_ER/furano_periwal_prot/rosettafold/pyrosetta_out_vp0_p8/hhblits/t000_.1e-30.id90cov50.a3m: No such file or directory
- 20:11:48.319 ERROR: Input file (/gpfs/gsfs8/users/cresswellclayec/DCA_ER/furano_periwal_prot/rosettafold/pyrosetta_out_vp0_p8/hhblits/t000_.1e-30.id90cov50.a3m) could not be opened!

- 20:11:49.108 INFO: Input file = /gpfs/gsfs8/users/cresswellclayec/DCA_ER/furano_periwal_prot/rosettafold/pyrosetta_out_vp0_p8/hhblits/t000_.1e-10.a3m

- 20:11:49.108 INFO: Output file = /gpfs/gsfs8/users/cresswellclayec/DCA_ER/furano_periwal_prot/rosettafold/pyrosetta_out_vp0_p8/hhblits/t000_.1e-10.id90cov75.a3m

- 20:11:49.109 ERROR: In /usr/local/apps/RoseTTAFold/1.1.0/hh-suite/src/hhfilter.cpp:177: main:

- 20:11:49.109 ERROR: 	could not open file '/gpfs/gsfs8/users/cresswellclayec/DCA_ER/furano_periwal_prot/rosettafold/pyrosetta_out_vp0_p8/hhblits/t000_.1e-10.a3m'

- 20:11:49.113 INFO: Input file = /gpfs/gsfs8/users/cresswellclayec/DCA_ER/furano_periwal_prot/rosettafold/pyrosetta_out_vp0_p8/hhblits/t000_.1e-10.a3m

- 20:11:49.113 INFO: Output file = /gpfs/gsfs8/users/cresswellclayec/DCA_ER/furano_periwal_prot/rosettafold/pyrosetta_out_vp0_p8/hhblits/t000_.1e-10.id90cov50.a3m

- 20:11:49.113 ERROR: In /usr/local/apps/RoseTTAFold/1.1.0/hh-suite/src/hhfilter.cpp:177: main:

- 20:11:49.113 ERROR: 	could not open file '/gpfs/gsfs8/users/cresswellclayec/DCA_ER/furano_periwal_prot/rosettafold/pyrosetta_out_vp0_p8/hhblits/t000_.1e-10.a3m'

grep: /gpfs/gsfs8/users/cresswellclayec/DCA_ER/furano_periwal_prot/rosettafold/pyrosetta_out_vp0_p8/hhblits/t000_.1e-10.id90cov75.a3m: No such file or directory
grep: /gpfs/gsfs8/users/cresswellclayec/DCA_ER/furano_periwal_prot/rosettafold/pyrosetta_out_vp0_p8/hhblits/t000_.1e-10.id90cov50.a3m: No such file or directory
- 20:12:07.116 ERROR: Input file (/gpfs/gsfs8/users/cresswellclayec/DCA_ER/furano_periwal_prot/rosettafold/pyrosetta_out_vp0_p8/hhblits/t000_.1e-10.id90cov50.a3m) could not be opened!

- 20:12:07.901 INFO: Input file = /gpfs/gsfs8/users/cresswellclayec/DCA_ER/furano_periwal_prot/rosettafold/pyrosetta_out_vp0_p8/hhblits/t000_.1e-6.a3m

- 20:12:07.901 INFO: Output file = /gpfs/gsfs8/users/cresswellclayec/DCA_ER/furano_periwal_prot/rosettafold/pyrosetta_out_vp0_p8/hhblits/t000_.1e-6.id90cov75.a3m

- 20:12:07.901 ERROR: In /usr/local/apps/RoseTTAFold/1.1.0/hh-suite/src/hhfilter.cpp:177: main:

- 20:12:07.901 ERROR: 	could not open file '/gpfs/gsfs8/users/cresswellclayec/DCA_ER/furano_periwal_prot/rosettafold/pyrosetta_out_vp0_p8/hhblits/t000_.1e-6.a3m'

- 20:12:07.904 INFO: Input file = /gpfs/gsfs8/users/cresswellclayec/DCA_ER/furano_periwal_prot/rosettafold/pyrosetta_out_vp0_p8/hhblits/t000_.1e-6.a3m

- 20:12:07.904 INFO: Output file = /gpfs/gsfs8/users/cresswellclayec/DCA_ER/furano_periwal_prot/rosettafold/pyrosetta_out_vp0_p8/hhblits/t000_.1e-6.id90cov50.a3m

- 20:12:07.904 ERROR: In /usr/local/apps/RoseTTAFold/1.1.0/hh-suite/src/hhfilter.cpp:177: main:

- 20:12:07.904 ERROR: 	could not open file '/gpfs/gsfs8/users/cresswellclayec/DCA_ER/furano_periwal_prot/rosettafold/pyrosetta_out_vp0_p8/hhblits/t000_.1e-6.a3m'

grep: /gpfs/gsfs8/users/cresswellclayec/DCA_ER/furano_periwal_prot/rosettafold/pyrosetta_out_vp0_p8/hhblits/t000_.1e-6.id90cov75.a3m: No such file or directory
grep: /gpfs/gsfs8/users/cresswellclayec/DCA_ER/furano_periwal_prot/rosettafold/pyrosetta_out_vp0_p8/hhblits/t000_.1e-6.id90cov50.a3m: No such file or directory
- 20:12:25.959 ERROR: Input file (/gpfs/gsfs8/users/cresswellclayec/DCA_ER/furano_periwal_prot/rosettafold/pyrosetta_out_vp0_p8/hhblits/t000_.1e-6.id90cov50.a3m) could not be opened!

- 20:12:26.751 INFO: Input file = /gpfs/gsfs8/users/cresswellclayec/DCA_ER/furano_periwal_prot/rosettafold/pyrosetta_out_vp0_p8/hhblits/t000_.1e-3.a3m

- 20:12:26.751 INFO: Output file = /gpfs/gsfs8/users/cresswellclayec/DCA_ER/furano_periwal_prot/rosettafold/pyrosetta_out_vp0_p8/hhblits/t000_.1e-3.id90cov75.a3m

- 20:12:26.751 ERROR: In /usr/local/apps/RoseTTAFold/1.1.0/hh-suite/src/hhfilter.cpp:177: main:

- 20:12:26.751 ERROR: 	could not open file '/gpfs/gsfs8/users/cresswellclayec/DCA_ER/furano_periwal_prot/rosettafold/pyrosetta_out_vp0_p8/hhblits/t000_.1e-3.a3m'

- 20:12:26.754 INFO: Input file = /gpfs/gsfs8/users/cresswellclayec/DCA_ER/furano_periwal_prot/rosettafold/pyrosetta_out_vp0_p8/hhblits/t000_.1e-3.a3m

- 20:12:26.754 INFO: Output file = /gpfs/gsfs8/users/cresswellclayec/DCA_ER/furano_periwal_prot/rosettafold/pyrosetta_out_vp0_p8/hhblits/t000_.1e-3.id90cov50.a3m

- 20:12:26.754 ERROR: In /usr/local/apps/RoseTTAFold/1.1.0/hh-suite/src/hhfilter.cpp:177: main:

- 20:12:26.754 ERROR: 	could not open file '/gpfs/gsfs8/users/cresswellclayec/DCA_ER/furano_periwal_prot/rosettafold/pyrosetta_out_vp0_p8/hhblits/t000_.1e-3.a3m'

grep: /gpfs/gsfs8/users/cresswellclayec/DCA_ER/furano_periwal_prot/rosettafold/pyrosetta_out_vp0_p8/hhblits/t000_.1e-3.id90cov75.a3m: No such file or directory
grep: /gpfs/gsfs8/users/cresswellclayec/DCA_ER/furano_periwal_prot/rosettafold/pyrosetta_out_vp0_p8/hhblits/t000_.1e-3.id90cov50.a3m: No such file or directory
cp: cannot stat ‘/gpfs/gsfs8/users/cresswellclayec/DCA_ER/furano_periwal_prot/rosettafold/pyrosetta_out_vp0_p8/hhblits/t000_.1e-3.id90cov50.a3m’: No such file or directory
