SE(3) iteration 0 [0.421 0.446]
SE(3) iteration 1 [0.4463 0.488 ]
SE(3) iteration 2 [0.45   0.4595]
SE(3) iteration 3 [0.4402 0.4487]
SE(3) iteration 4 [0.442  0.4792]
SE(3) iteration 5 [0.4778 0.5127]
SE(3) iteration 6 [0.4937 0.572 ]
SE(3) iteration 7 [0.526 0.591]
SE(3) iteration 8 [0.557  0.6035]
SE(3) iteration 9 [0.5884 0.6216]
SE(3) iteration 10 [0.599  0.6367]
SE(3) iteration 11 [0.6196 0.6445]
SE(3) iteration 12 [0.6323 0.6475]
SE(3) iteration 13 [0.633 0.639]
SE(3) iteration 14 [0.6367 0.64  ]
SE(3) iteration 15 [0.6426 0.6504]
SE(3) iteration 16 [0.64  0.649]
SE(3) iteration 17 [0.6387 0.653 ]
SE(3) iteration 18 [0.6367 0.6475]
SE(3) iteration 19 [0.6396 0.6426]
SE(3) iteration 20 [0.644 0.64 ]
SE(3) iteration 21 [0.652 0.643]
SE(3) iteration 22 [0.646  0.6333]
SE(3) iteration 23 [0.6416 0.643 ]
SE(3) iteration 24 [0.645  0.6387]
SE(3) iteration 25 [0.638  0.6494]
SE(3) iteration 26 [0.6343 0.6274]
SE(3) iteration 27 [0.6235 0.6445]
SE(3) iteration 28 [0.6436 0.6274]
SE(3) iteration 29 [0.635 0.649]
SE(3) iteration 30 [0.6387 0.627 ]
SE(3) iteration 31 [0.627  0.6387]
SE(3) iteration 32 [0.6445 0.6226]
SE(3) iteration 33 [0.6304 0.6406]
SE(3) iteration 34 [0.648  0.6123]
SE(3) iteration 35 [0.62  0.626]
SE(3) iteration 36 [0.647  0.6265]
SE(3) iteration 37 [0.624 0.646]
SE(3) iteration 38 [0.6543 0.6143]
SE(3) iteration 39 [0.6187 0.637 ]
SE(3) iteration 40 [0.636  0.6226]
SE(3) iteration 41 [0.6406 0.645 ]
SE(3) iteration 42 [0.633 0.623]
SE(3) iteration 43 [0.624 0.65 ]
SE(3) iteration 44 [0.644 0.623]
SE(3) iteration 45 [0.6167 0.635 ]
SE(3) iteration 46 [0.631 0.629]
SE(3) iteration 47 [0.6084 0.6426]
SE(3) iteration 48 [0.644  0.6265]
SE(3) iteration 49 [0.6245 0.641 ]
SE(3) iteration 50 [0.6343 0.621 ]
SE(3) iteration 51 [0.6265 0.6445]
SE(3) iteration 52 [0.637  0.6206]
SE(3) iteration 53 [0.6187 0.6396]
SE(3) iteration 54 [0.644  0.6187]
SE(3) iteration 55 [0.6255 0.641 ]
SE(3) iteration 56 [0.643 0.624]
SE(3) iteration 57 [0.6187 0.6396]
SE(3) iteration 58 [0.641 0.616]
SE(3) iteration 59 [0.614  0.6406]
