SE(3) iteration 0 [0.3918 0.4314]
SE(3) iteration 1 [0.456  0.4827]
SE(3) iteration 2 [0.4602 0.4333]
SE(3) iteration 3 [0.433  0.4407]
SE(3) iteration 4 [0.4673 0.5044]
SE(3) iteration 5 [0.4854 0.5317]
SE(3) iteration 6 [0.5024 0.564 ]
SE(3) iteration 7 [0.5444 0.5825]
SE(3) iteration 8 [0.57   0.5986]
SE(3) iteration 9 [0.593 0.615]
SE(3) iteration 10 [0.606 0.627]
SE(3) iteration 11 [0.625  0.6333]
SE(3) iteration 12 [0.6377 0.6245]
SE(3) iteration 13 [0.636  0.6367]
SE(3) iteration 14 [0.636 0.635]
SE(3) iteration 15 [0.635 0.642]
SE(3) iteration 16 [0.6343 0.64  ]
SE(3) iteration 17 [0.6343 0.6416]
SE(3) iteration 18 [0.6377 0.6333]
SE(3) iteration 19 [0.635  0.6284]
SE(3) iteration 20 [0.637  0.6353]
SE(3) iteration 21 [0.6367 0.6294]
SE(3) iteration 22 [0.6284 0.6294]
SE(3) iteration 23 [0.6304 0.6323]
SE(3) iteration 24 [0.626  0.6284]
SE(3) iteration 25 [0.632  0.6235]
SE(3) iteration 26 [0.6235 0.624 ]
SE(3) iteration 27 [0.6313 0.6265]
SE(3) iteration 28 [0.622 0.62 ]
SE(3) iteration 29 [0.6206 0.6294]
SE(3) iteration 30 [0.6255 0.623 ]
SE(3) iteration 31 [0.6177 0.62  ]
SE(3) iteration 32 [0.6187 0.626 ]
SE(3) iteration 33 [0.6133 0.607 ]
SE(3) iteration 34 [0.615 0.62 ]
SE(3) iteration 35 [0.6084 0.6104]
SE(3) iteration 36 [0.613  0.5986]
