SE(3) iteration 0 [0.435  0.4385]
SE(3) iteration 1 [0.4512 0.4504]
SE(3) iteration 2 [0.43   0.4624]
SE(3) iteration 3 [0.431 0.453]
SE(3) iteration 4 [0.4614 0.514 ]
SE(3) iteration 5 [0.4912 0.5415]
SE(3) iteration 6 [0.5093 0.5903]
SE(3) iteration 7 [0.54   0.6055]
SE(3) iteration 8 [0.572  0.6167]
SE(3) iteration 9 [0.597  0.6333]
SE(3) iteration 10 [0.6123 0.64  ]
SE(3) iteration 11 [0.625  0.6484]
SE(3) iteration 12 [0.6396 0.6377]
SE(3) iteration 13 [0.6294 0.639 ]
SE(3) iteration 14 [0.642  0.6387]
SE(3) iteration 15 [0.6333 0.638 ]
SE(3) iteration 16 [0.6387 0.642 ]
SE(3) iteration 17 [0.636 0.644]
SE(3) iteration 18 [0.6367 0.644 ]
SE(3) iteration 19 [0.631  0.6416]
SE(3) iteration 20 [0.632  0.6436]
SE(3) iteration 21 [0.6343 0.6323]
SE(3) iteration 22 [0.644  0.6426]
SE(3) iteration 23 [0.6353 0.6357]
SE(3) iteration 24 [0.641  0.6406]
SE(3) iteration 25 [0.634  0.6187]
SE(3) iteration 26 [0.632  0.6455]
SE(3) iteration 27 [0.626 0.614]
SE(3) iteration 28 [0.638 0.645]
SE(3) iteration 29 [0.6255 0.616 ]
SE(3) iteration 30 [0.6436 0.6523]
SE(3) iteration 31 [0.6245 0.6216]
SE(3) iteration 32 [0.6436 0.6313]
SE(3) iteration 33 [0.6245 0.616 ]
SE(3) iteration 34 [0.637  0.6406]
SE(3) iteration 35 [0.63  0.607]
SE(3) iteration 36 [0.634  0.6436]
SE(3) iteration 37 [0.626 0.616]
SE(3) iteration 38 [0.631  0.6436]
SE(3) iteration 39 [0.618  0.6196]
SE(3) iteration 40 [0.637  0.6436]
SE(3) iteration 41 [0.6143 0.6235]
SE(3) iteration 42 [0.64   0.6235]
SE(3) iteration 43 [0.615  0.6426]
SE(3) iteration 44 [0.6475 0.6094]
SE(3) iteration 45 [0.628  0.6123]
SE(3) iteration 46 [0.6265 0.6353]
SE(3) iteration 47 [0.6445 0.606 ]
SE(3) iteration 48 [0.6074 0.641 ]
SE(3) iteration 49 [0.623 0.623]
SE(3) iteration 50 [0.6313 0.6406]
SE(3) iteration 51 [0.6206 0.611 ]
