SE(3) iteration 0 [0.4192 0.3997]
SE(3) iteration 1 [0.4253 0.4468]
SE(3) iteration 2 [0.4297 0.4326]
SE(3) iteration 3 [0.4426 0.474 ]
SE(3) iteration 4 [0.474 0.528]
SE(3) iteration 5 [0.511 0.559]
SE(3) iteration 6 [0.524 0.575]
SE(3) iteration 7 [0.556 0.586]
SE(3) iteration 8 [0.575 0.596]
SE(3) iteration 9 [0.591 0.601]
SE(3) iteration 10 [0.6025 0.6157]
SE(3) iteration 11 [0.6094 0.6274]
SE(3) iteration 12 [0.6187 0.635 ]
SE(3) iteration 13 [0.631  0.6343]
SE(3) iteration 14 [0.636 0.634]
SE(3) iteration 15 [0.6353 0.635 ]
SE(3) iteration 16 [0.6323 0.634 ]
SE(3) iteration 17 [0.6387 0.6353]
SE(3) iteration 18 [0.6367 0.6333]
SE(3) iteration 19 [0.6357 0.6343]
SE(3) iteration 20 [0.635  0.6226]
SE(3) iteration 21 [0.63   0.6387]
SE(3) iteration 22 [0.633  0.6167]
SE(3) iteration 23 [0.63   0.6343]
SE(3) iteration 24 [0.628  0.6035]
SE(3) iteration 25 [0.628 0.615]
SE(3) iteration 26 [0.624  0.6006]
SE(3) iteration 27 [0.6265 0.605 ]
SE(3) iteration 28 [0.624 0.61 ]
SE(3) iteration 29 [0.6206 0.6016]
SE(3) iteration 30 [0.62   0.6035]
SE(3) iteration 31 [0.593 0.586]
SE(3) iteration 32 [0.6187 0.5933]
SE(3) iteration 33 [0.574 0.603]
SE(3) iteration 34 [0.5996 0.5903]
SE(3) iteration 35 [0.5864 0.611 ]
SE(3) iteration 36 [0.597  0.6294]
SE(3) iteration 37 [0.595  0.5938]
SE(3) iteration 38 [0.603 0.635]
