SE(3) iteration 0 [0.3914 0.4153]
SE(3) iteration 1 [0.3972 0.443 ]
SE(3) iteration 2 [0.4326 0.4346]
SE(3) iteration 3 [0.4214 0.4277]
SE(3) iteration 4 [0.4614 0.4775]
SE(3) iteration 5 [0.496 0.518]
SE(3) iteration 6 [0.519 0.576]
SE(3) iteration 7 [0.5425 0.613 ]
SE(3) iteration 8 [0.561  0.6235]
SE(3) iteration 9 [0.588 0.641]
SE(3) iteration 10 [0.608  0.6606]
SE(3) iteration 11 [0.6235 0.6484]
SE(3) iteration 12 [0.645 0.643]
SE(3) iteration 13 [0.6465 0.6484]
SE(3) iteration 14 [0.65  0.641]
SE(3) iteration 15 [0.6416 0.6436]
SE(3) iteration 16 [0.6445 0.6333]
SE(3) iteration 17 [0.6343 0.637 ]
SE(3) iteration 18 [0.6416 0.628 ]
SE(3) iteration 19 [0.6353 0.6343]
SE(3) iteration 20 [0.6357 0.617 ]
SE(3) iteration 21 [0.6357 0.6313]
SE(3) iteration 22 [0.6245 0.628 ]
SE(3) iteration 23 [0.628  0.6226]
SE(3) iteration 24 [0.619 0.63 ]
SE(3) iteration 25 [0.626  0.6094]
SE(3) iteration 26 [0.613 0.635]
SE(3) iteration 27 [0.6274 0.61  ]
SE(3) iteration 28 [0.611 0.635]
SE(3) iteration 29 [0.625  0.5986]
SE(3) iteration 30 [0.6235 0.6216]
SE(3) iteration 31 [0.611  0.6074]
