SE(3) iteration 0 [0.4626 0.4536]
SE(3) iteration 1 [0.4395 0.4854]
SE(3) iteration 2 [0.459  0.4746]
SE(3) iteration 3 [0.4365 0.4407]
SE(3) iteration 4 [0.4297 0.4402]
SE(3) iteration 5 [0.4612 0.529 ]
SE(3) iteration 6 [0.5054 0.566 ]
SE(3) iteration 7 [0.5337 0.591 ]
SE(3) iteration 8 [0.566  0.6074]
SE(3) iteration 9 [0.5884 0.623 ]
SE(3) iteration 10 [0.611  0.6367]
SE(3) iteration 11 [0.621 0.649]
SE(3) iteration 12 [0.6304 0.6543]
SE(3) iteration 13 [0.6313 0.645 ]
SE(3) iteration 14 [0.639 0.65 ]
SE(3) iteration 15 [0.64  0.661]
SE(3) iteration 16 [0.6377 0.6504]
SE(3) iteration 17 [0.64   0.6577]
SE(3) iteration 18 [0.6416 0.652 ]
SE(3) iteration 19 [0.6426 0.6553]
SE(3) iteration 20 [0.643  0.6587]
SE(3) iteration 21 [0.65   0.6577]
SE(3) iteration 22 [0.6543 0.658 ]
SE(3) iteration 23 [0.6533 0.647 ]
SE(3) iteration 24 [0.656  0.6553]
SE(3) iteration 25 [0.656 0.647]
SE(3) iteration 26 [0.657 0.651]
SE(3) iteration 27 [0.6562 0.638 ]
SE(3) iteration 28 [0.6514 0.652 ]
SE(3) iteration 29 [0.6562 0.6333]
SE(3) iteration 30 [0.654  0.6562]
SE(3) iteration 31 [0.6396 0.6274]
SE(3) iteration 32 [0.659  0.6675]
SE(3) iteration 33 [0.6284 0.6245]
SE(3) iteration 34 [0.663  0.6675]
SE(3) iteration 35 [0.622  0.6167]
SE(3) iteration 36 [0.663  0.6606]
SE(3) iteration 37 [0.622 0.636]
SE(3) iteration 38 [0.67   0.6523]
SE(3) iteration 39 [0.623  0.6167]
SE(3) iteration 40 [0.6543 0.659 ]
SE(3) iteration 41 [0.6323 0.6157]
SE(3) iteration 42 [0.6543 0.662 ]
SE(3) iteration 43 [0.6147 0.6265]
SE(3) iteration 44 [0.654 0.66 ]
SE(3) iteration 45 [0.617 0.627]
SE(3) iteration 46 [0.662 0.658]
SE(3) iteration 47 [0.6265 0.627 ]
SE(3) iteration 48 [0.657 0.656]
SE(3) iteration 49 [0.6216 0.625 ]
SE(3) iteration 50 [0.6567 0.6523]
SE(3) iteration 51 [0.6274 0.623 ]
SE(3) iteration 52 [0.658 0.657]
SE(3) iteration 53 [0.6274 0.622 ]
SE(3) iteration 54 [0.657  0.6577]
SE(3) iteration 55 [0.624  0.6187]
SE(3) iteration 56 [0.6626 0.6562]
SE(3) iteration 57 [0.628 0.62 ]
SE(3) iteration 58 [0.662 0.662]
SE(3) iteration 59 [0.6177 0.6245]
