- 20:03:55.341 ERROR: Input file (rosettafold/vp0_perp/perp2.fasta) could not be opened!

- 20:03:56.135 INFO: Input file = /gpfs/gsfs8/users/cresswellclayec/DCA_ER/furano_periwal_prot/rosettafold/pyrosetta_out_vp0_p2/hhblits/t000_.1e-30.a3m

- 20:03:56.135 INFO: Output file = /gpfs/gsfs8/users/cresswellclayec/DCA_ER/furano_periwal_prot/rosettafold/pyrosetta_out_vp0_p2/hhblits/t000_.1e-30.id90cov75.a3m

- 20:03:56.135 ERROR: In /usr/local/apps/RoseTTAFold/1.1.0/hh-suite/src/hhfilter.cpp:177: main:

- 20:03:56.135 ERROR: 	could not open file '/gpfs/gsfs8/users/cresswellclayec/DCA_ER/furano_periwal_prot/rosettafold/pyrosetta_out_vp0_p2/hhblits/t000_.1e-30.a3m'

- 20:03:56.138 INFO: Input file = /gpfs/gsfs8/users/cresswellclayec/DCA_ER/furano_periwal_prot/rosettafold/pyrosetta_out_vp0_p2/hhblits/t000_.1e-30.a3m

- 20:03:56.138 INFO: Output file = /gpfs/gsfs8/users/cresswellclayec/DCA_ER/furano_periwal_prot/rosettafold/pyrosetta_out_vp0_p2/hhblits/t000_.1e-30.id90cov50.a3m

- 20:03:56.138 ERROR: In /usr/local/apps/RoseTTAFold/1.1.0/hh-suite/src/hhfilter.cpp:177: main:

- 20:03:56.138 ERROR: 	could not open file '/gpfs/gsfs8/users/cresswellclayec/DCA_ER/furano_periwal_prot/rosettafold/pyrosetta_out_vp0_p2/hhblits/t000_.1e-30.a3m'

grep: /gpfs/gsfs8/users/cresswellclayec/DCA_ER/furano_periwal_prot/rosettafold/pyrosetta_out_vp0_p2/hhblits/t000_.1e-30.id90cov75.a3m: No such file or directory
grep: /gpfs/gsfs8/users/cresswellclayec/DCA_ER/furano_periwal_prot/rosettafold/pyrosetta_out_vp0_p2/hhblits/t000_.1e-30.id90cov50.a3m: No such file or directory
- 20:04:14.246 ERROR: Input file (/gpfs/gsfs8/users/cresswellclayec/DCA_ER/furano_periwal_prot/rosettafold/pyrosetta_out_vp0_p2/hhblits/t000_.1e-30.id90cov50.a3m) could not be opened!

- 20:04:15.039 INFO: Input file = /gpfs/gsfs8/users/cresswellclayec/DCA_ER/furano_periwal_prot/rosettafold/pyrosetta_out_vp0_p2/hhblits/t000_.1e-10.a3m

- 20:04:15.039 INFO: Output file = /gpfs/gsfs8/users/cresswellclayec/DCA_ER/furano_periwal_prot/rosettafold/pyrosetta_out_vp0_p2/hhblits/t000_.1e-10.id90cov75.a3m

- 20:04:15.039 ERROR: In /usr/local/apps/RoseTTAFold/1.1.0/hh-suite/src/hhfilter.cpp:177: main:

- 20:04:15.039 ERROR: 	could not open file '/gpfs/gsfs8/users/cresswellclayec/DCA_ER/furano_periwal_prot/rosettafold/pyrosetta_out_vp0_p2/hhblits/t000_.1e-10.a3m'

- 20:04:15.041 INFO: Input file = /gpfs/gsfs8/users/cresswellclayec/DCA_ER/furano_periwal_prot/rosettafold/pyrosetta_out_vp0_p2/hhblits/t000_.1e-10.a3m

- 20:04:15.041 INFO: Output file = /gpfs/gsfs8/users/cresswellclayec/DCA_ER/furano_periwal_prot/rosettafold/pyrosetta_out_vp0_p2/hhblits/t000_.1e-10.id90cov50.a3m

- 20:04:15.041 ERROR: In /usr/local/apps/RoseTTAFold/1.1.0/hh-suite/src/hhfilter.cpp:177: main:

- 20:04:15.041 ERROR: 	could not open file '/gpfs/gsfs8/users/cresswellclayec/DCA_ER/furano_periwal_prot/rosettafold/pyrosetta_out_vp0_p2/hhblits/t000_.1e-10.a3m'

grep: /gpfs/gsfs8/users/cresswellclayec/DCA_ER/furano_periwal_prot/rosettafold/pyrosetta_out_vp0_p2/hhblits/t000_.1e-10.id90cov75.a3m: No such file or directory
grep: /gpfs/gsfs8/users/cresswellclayec/DCA_ER/furano_periwal_prot/rosettafold/pyrosetta_out_vp0_p2/hhblits/t000_.1e-10.id90cov50.a3m: No such file or directory
- 20:04:33.197 ERROR: Input file (/gpfs/gsfs8/users/cresswellclayec/DCA_ER/furano_periwal_prot/rosettafold/pyrosetta_out_vp0_p2/hhblits/t000_.1e-10.id90cov50.a3m) could not be opened!

- 20:04:33.991 INFO: Input file = /gpfs/gsfs8/users/cresswellclayec/DCA_ER/furano_periwal_prot/rosettafold/pyrosetta_out_vp0_p2/hhblits/t000_.1e-6.a3m

- 20:04:33.991 INFO: Output file = /gpfs/gsfs8/users/cresswellclayec/DCA_ER/furano_periwal_prot/rosettafold/pyrosetta_out_vp0_p2/hhblits/t000_.1e-6.id90cov75.a3m

- 20:04:33.991 ERROR: In /usr/local/apps/RoseTTAFold/1.1.0/hh-suite/src/hhfilter.cpp:177: main:

- 20:04:33.991 ERROR: 	could not open file '/gpfs/gsfs8/users/cresswellclayec/DCA_ER/furano_periwal_prot/rosettafold/pyrosetta_out_vp0_p2/hhblits/t000_.1e-6.a3m'

- 20:04:33.993 INFO: Input file = /gpfs/gsfs8/users/cresswellclayec/DCA_ER/furano_periwal_prot/rosettafold/pyrosetta_out_vp0_p2/hhblits/t000_.1e-6.a3m

- 20:04:33.993 INFO: Output file = /gpfs/gsfs8/users/cresswellclayec/DCA_ER/furano_periwal_prot/rosettafold/pyrosetta_out_vp0_p2/hhblits/t000_.1e-6.id90cov50.a3m

- 20:04:33.993 ERROR: In /usr/local/apps/RoseTTAFold/1.1.0/hh-suite/src/hhfilter.cpp:177: main:

- 20:04:33.993 ERROR: 	could not open file '/gpfs/gsfs8/users/cresswellclayec/DCA_ER/furano_periwal_prot/rosettafold/pyrosetta_out_vp0_p2/hhblits/t000_.1e-6.a3m'

grep: /gpfs/gsfs8/users/cresswellclayec/DCA_ER/furano_periwal_prot/rosettafold/pyrosetta_out_vp0_p2/hhblits/t000_.1e-6.id90cov75.a3m: No such file or directory
grep: /gpfs/gsfs8/users/cresswellclayec/DCA_ER/furano_periwal_prot/rosettafold/pyrosetta_out_vp0_p2/hhblits/t000_.1e-6.id90cov50.a3m: No such file or directory
- 20:04:52.247 ERROR: Input file (/gpfs/gsfs8/users/cresswellclayec/DCA_ER/furano_periwal_prot/rosettafold/pyrosetta_out_vp0_p2/hhblits/t000_.1e-6.id90cov50.a3m) could not be opened!

- 20:04:53.055 INFO: Input file = /gpfs/gsfs8/users/cresswellclayec/DCA_ER/furano_periwal_prot/rosettafold/pyrosetta_out_vp0_p2/hhblits/t000_.1e-3.a3m

- 20:04:53.056 INFO: Output file = /gpfs/gsfs8/users/cresswellclayec/DCA_ER/furano_periwal_prot/rosettafold/pyrosetta_out_vp0_p2/hhblits/t000_.1e-3.id90cov75.a3m

- 20:04:53.056 ERROR: In /usr/local/apps/RoseTTAFold/1.1.0/hh-suite/src/hhfilter.cpp:177: main:

- 20:04:53.056 ERROR: 	could not open file '/gpfs/gsfs8/users/cresswellclayec/DCA_ER/furano_periwal_prot/rosettafold/pyrosetta_out_vp0_p2/hhblits/t000_.1e-3.a3m'

- 20:04:53.058 INFO: Input file = /gpfs/gsfs8/users/cresswellclayec/DCA_ER/furano_periwal_prot/rosettafold/pyrosetta_out_vp0_p2/hhblits/t000_.1e-3.a3m

- 20:04:53.058 INFO: Output file = /gpfs/gsfs8/users/cresswellclayec/DCA_ER/furano_periwal_prot/rosettafold/pyrosetta_out_vp0_p2/hhblits/t000_.1e-3.id90cov50.a3m

- 20:04:53.058 ERROR: In /usr/local/apps/RoseTTAFold/1.1.0/hh-suite/src/hhfilter.cpp:177: main:

- 20:04:53.058 ERROR: 	could not open file '/gpfs/gsfs8/users/cresswellclayec/DCA_ER/furano_periwal_prot/rosettafold/pyrosetta_out_vp0_p2/hhblits/t000_.1e-3.a3m'

grep: /gpfs/gsfs8/users/cresswellclayec/DCA_ER/furano_periwal_prot/rosettafold/pyrosetta_out_vp0_p2/hhblits/t000_.1e-3.id90cov75.a3m: No such file or directory
grep: /gpfs/gsfs8/users/cresswellclayec/DCA_ER/furano_periwal_prot/rosettafold/pyrosetta_out_vp0_p2/hhblits/t000_.1e-3.id90cov50.a3m: No such file or directory
cp: cannot stat ‘/gpfs/gsfs8/users/cresswellclayec/DCA_ER/furano_periwal_prot/rosettafold/pyrosetta_out_vp0_p2/hhblits/t000_.1e-3.id90cov50.a3m’: No such file or directory
