Namespace(FASTA='valley_path_seqs.fasta', NPZ='/gpfs/gsfs8/users/cresswellclayec/DCA_ER/furano_periwal_prot/rosettafold/pyrosetta_out/t000_.3track.npz', OUT='/gpfs/gsfs8/users/cresswellclayec/DCA_ER/furano_periwal_prot/rosettafold/pyrosetta_out/pdb-3track/model0_1_0.15.pdb', bb='', fastrelax=True, mode=1, nrestarts=3, pcut=0.15, roll=True, save_chk=False, sg='7,3', steps=1000, use_orient=True)
PyRosetta-4 2021 [Rosetta PyRosetta4.Release.python37.linux 2021.27+release.7ce64884a77d606b7b667c363527acc846541030 2021-07-09T18:10:05] retrieved from: http://www.pyrosetta.org
(C) Copyright Rosetta Commons Member Institutions. Created in JHU by Sergey Lyskov and PyRosetta Team.
Apply circular shift...
Savitzky-Golay:     7,3
dist restraints:    1131
omega restraints:   1064
theta restraints:   2126
phi restraints:     2125
mutation: G11A
mutation: G75A
setting random (phi,psi,omega)...
short + medium
Number of applied pair restraints: 5263
 - Distance restraints: 888
 - Omega restraints: 876
 - Theta restraints: 1750
 - Phi restraints:   1749
long
Energy(iter=0): 99999.9 --> -26613.6 (accept)
short + medium
Number of applied pair restraints: 5263
 - Distance restraints: 888
 - Omega restraints: 876
 - Theta restraints: 1750
 - Phi restraints:   1749
long
Energy(iter=1): -26613.6 --> -26616.6 (accept)
short + medium
Number of applied pair restraints: 5263
 - Distance restraints: 888
 - Omega restraints: 876
 - Theta restraints: 1750
 - Phi restraints:   1749
long
Energy(iter=2): -26616.6 --> -26618.7 (accept)
mutation: A11G
mutation: A75G
2.0
1.0
idealize...
relax: First round... (focused on torsion space relaxation)
Number of applied pair restraints: 5035
 - Distance restraints: 850
 - Omega restraints: 838
 - Theta restraints: 1674
 - Phi restraints:   1673
1.0
0.5
relax: Second round... (cartesian space)
Number of applied pair restraints: 431
 - Distance restraints: 431
Number of applied coordinate restraints: 95
Namespace(FASTA='valley_path_seqs.fasta', NPZ='/gpfs/gsfs8/users/cresswellclayec/DCA_ER/furano_periwal_prot/rosettafold/pyrosetta_out/t000_.3track.npz', OUT='/gpfs/gsfs8/users/cresswellclayec/DCA_ER/furano_periwal_prot/rosettafold/pyrosetta_out/pdb-3track/model0_2_0.35.pdb', bb='', fastrelax=True, mode=2, nrestarts=3, pcut=0.35, roll=True, save_chk=False, sg='7,3', steps=1000, use_orient=True)
PyRosetta-4 2021 [Rosetta PyRosetta4.Release.python37.linux 2021.27+release.7ce64884a77d606b7b667c363527acc846541030 2021-07-09T18:10:05] retrieved from: http://www.pyrosetta.org
(C) Copyright Rosetta Commons Member Institutions. Created in JHU by Sergey Lyskov and PyRosetta Team.
Apply circular shift...
Savitzky-Golay:     7,3
dist restraints:    1131
omega restraints:   1064
theta restraints:   2126
phi restraints:     2125
mutation: G11A
mutation: G75A
setting random (phi,psi,omega)...
short + medium + long
Number of applied pair restraints: 5216
 - Distance restraints: 878
 - Omega restraints: 874
 - Theta restraints: 1747
 - Phi restraints:   1717
Energy(iter=0): 99999.9 --> -27250.8 (accept)
short + medium + long
Number of applied pair restraints: 5216
 - Distance restraints: 878
 - Omega restraints: 874
 - Theta restraints: 1747
 - Phi restraints:   1717
Energy(iter=1): -27250.8 --> -27258.3 (accept)
short + medium + long
Number of applied pair restraints: 5216
 - Distance restraints: 878
 - Omega restraints: 874
 - Theta restraints: 1747
 - Phi restraints:   1717
Energy(iter=2): -27258.3 --> -27261.0 (accept)
mutation: A11G
mutation: A75G
2.0
1.0
idealize...
relax: First round... (focused on torsion space relaxation)
Number of applied pair restraints: 5035
 - Distance restraints: 850
 - Omega restraints: 838
 - Theta restraints: 1674
 - Phi restraints:   1673
1.0
0.5
relax: Second round... (cartesian space)
Number of applied pair restraints: 431
 - Distance restraints: 431
Number of applied coordinate restraints: 95
Namespace(FASTA='valley_path_seqs.fasta', NPZ='/gpfs/gsfs8/users/cresswellclayec/DCA_ER/furano_periwal_prot/rosettafold/pyrosetta_out/t000_.3track.npz', OUT='/gpfs/gsfs8/users/cresswellclayec/DCA_ER/furano_periwal_prot/rosettafold/pyrosetta_out/pdb-3track/model0_1_0.25.pdb', bb='', fastrelax=True, mode=1, nrestarts=3, pcut=0.25, roll=True, save_chk=False, sg='7,3', steps=1000, use_orient=True)
PyRosetta-4 2021 [Rosetta PyRosetta4.Release.python37.linux 2021.27+release.7ce64884a77d606b7b667c363527acc846541030 2021-07-09T18:10:05] retrieved from: http://www.pyrosetta.org
(C) Copyright Rosetta Commons Member Institutions. Created in JHU by Sergey Lyskov and PyRosetta Team.
Apply circular shift...
Savitzky-Golay:     7,3
dist restraints:    1131
omega restraints:   1064
theta restraints:   2126
phi restraints:     2125
mutation: G11A
mutation: G75A
setting random (phi,psi,omega)...
short + medium
Number of applied pair restraints: 5249
 - Distance restraints: 881
 - Omega restraints: 875
 - Theta restraints: 1749
 - Phi restraints:   1744
long
Energy(iter=0): 99999.9 --> -27676.3 (accept)
short + medium
Number of applied pair restraints: 5249
 - Distance restraints: 881
 - Omega restraints: 875
 - Theta restraints: 1749
 - Phi restraints:   1744
long
Energy(iter=1): -27676.3 --> -27676.1 (reject)
short + medium
Number of applied pair restraints: 5249
 - Distance restraints: 881
 - Omega restraints: 875
 - Theta restraints: 1749
 - Phi restraints:   1744
long
Energy(iter=2): -27676.3 --> -27676.2 (reject)
mutation: A11G
mutation: A75G
2.0
1.0
idealize...
relax: First round... (focused on torsion space relaxation)
Number of applied pair restraints: 5035
 - Distance restraints: 850
 - Omega restraints: 838
 - Theta restraints: 1674
 - Phi restraints:   1673
1.0
0.5
relax: Second round... (cartesian space)
Number of applied pair restraints: 431
 - Distance restraints: 431
Number of applied coordinate restraints: 95
Namespace(FASTA='valley_path_seqs.fasta', NPZ='/gpfs/gsfs8/users/cresswellclayec/DCA_ER/furano_periwal_prot/rosettafold/pyrosetta_out/t000_.3track.npz', OUT='/gpfs/gsfs8/users/cresswellclayec/DCA_ER/furano_periwal_prot/rosettafold/pyrosetta_out/pdb-3track/model0_1_0.35.pdb', bb='', fastrelax=True, mode=1, nrestarts=3, pcut=0.35, roll=True, save_chk=False, sg='7,3', steps=1000, use_orient=True)
PyRosetta-4 2021 [Rosetta PyRosetta4.Release.python37.linux 2021.27+release.7ce64884a77d606b7b667c363527acc846541030 2021-07-09T18:10:05] retrieved from: http://www.pyrosetta.org
(C) Copyright Rosetta Commons Member Institutions. Created in JHU by Sergey Lyskov and PyRosetta Team.
Apply circular shift...
Savitzky-Golay:     7,3
dist restraints:    1131
omega restraints:   1064
theta restraints:   2126
phi restraints:     2125
mutation: G11A
mutation: G75A
setting random (phi,psi,omega)...
short + medium
Number of applied pair restraints: 5216
 - Distance restraints: 878
 - Omega restraints: 874
 - Theta restraints: 1747
 - Phi restraints:   1717
long
Energy(iter=0): 99999.9 --> -27216.5 (accept)
short + medium
Number of applied pair restraints: 5216
 - Distance restraints: 878
 - Omega restraints: 874
 - Theta restraints: 1747
 - Phi restraints:   1717
long
Energy(iter=1): -27216.5 --> -27218.3 (accept)
short + medium
Number of applied pair restraints: 5216
 - Distance restraints: 878
 - Omega restraints: 874
 - Theta restraints: 1747
 - Phi restraints:   1717
long
Energy(iter=2): -27218.3 --> -27218.4 (accept)
mutation: A11G
mutation: A75G
2.0
1.0
idealize...
relax: First round... (focused on torsion space relaxation)
Number of applied pair restraints: 5035
 - Distance restraints: 850
 - Omega restraints: 838
 - Theta restraints: 1674
 - Phi restraints:   1673
1.0
0.5
relax: Second round... (cartesian space)
Number of applied pair restraints: 431
 - Distance restraints: 431
Number of applied coordinate restraints: 95
Namespace(FASTA='valley_path_seqs.fasta', NPZ='/gpfs/gsfs8/users/cresswellclayec/DCA_ER/furano_periwal_prot/rosettafold/pyrosetta_out/t000_.3track.npz', OUT='/gpfs/gsfs8/users/cresswellclayec/DCA_ER/furano_periwal_prot/rosettafold/pyrosetta_out/pdb-3track/model0_0_0.05.pdb', bb='', fastrelax=True, mode=0, nrestarts=3, pcut=0.05, roll=True, save_chk=False, sg='7,3', steps=1000, use_orient=True)
PyRosetta-4 2021 [Rosetta PyRosetta4.Release.python37.linux 2021.27+release.7ce64884a77d606b7b667c363527acc846541030 2021-07-09T18:10:05] retrieved from: http://www.pyrosetta.org
(C) Copyright Rosetta Commons Member Institutions. Created in JHU by Sergey Lyskov and PyRosetta Team.
Apply circular shift...
Savitzky-Golay:     7,3
dist restraints:    1131
omega restraints:   1064
theta restraints:   2126
phi restraints:     2125
mutation: G11A
mutation: G75A
setting random (phi,psi,omega)...
short
Number of applied pair restraints: 4752
 - Distance restraints: 792
 - Omega restraints: 792
 - Theta restraints: 1584
 - Phi restraints:   1584
medium
Number of applied pair restraints: 572
 - Distance restraints: 152
 - Omega restraints: 85
 - Theta restraints: 168
 - Phi restraints:   167
long
Energy(iter=0): 99999.9 --> -26206.1 (accept)
short
Number of applied pair restraints: 4752
 - Distance restraints: 792
 - Omega restraints: 792
 - Theta restraints: 1584
 - Phi restraints:   1584
medium
Number of applied pair restraints: 572
 - Distance restraints: 152
 - Omega restraints: 85
 - Theta restraints: 168
 - Phi restraints:   167
long
Energy(iter=1): -26206.1 --> -26226.2 (accept)
short
Number of applied pair restraints: 4752
 - Distance restraints: 792
 - Omega restraints: 792
 - Theta restraints: 1584
 - Phi restraints:   1584
medium
Number of applied pair restraints: 572
 - Distance restraints: 152
 - Omega restraints: 85
 - Theta restraints: 168
 - Phi restraints:   167
long
Energy(iter=2): -26226.2 --> -26229.7 (accept)
mutation: A11G
mutation: A75G
2.0
1.0
idealize...
relax: First round... (focused on torsion space relaxation)
Number of applied pair restraints: 5035
 - Distance restraints: 850
 - Omega restraints: 838
 - Theta restraints: 1674
 - Phi restraints:   1673
1.0
0.5
relax: Second round... (cartesian space)
Number of applied pair restraints: 431
 - Distance restraints: 431
Number of applied coordinate restraints: 95
Namespace(FASTA='valley_path_seqs.fasta', NPZ='/gpfs/gsfs8/users/cresswellclayec/DCA_ER/furano_periwal_prot/rosettafold/pyrosetta_out/t000_.3track.npz', OUT='/gpfs/gsfs8/users/cresswellclayec/DCA_ER/furano_periwal_prot/rosettafold/pyrosetta_out/pdb-3track/model0_2_0.25.pdb', bb='', fastrelax=True, mode=2, nrestarts=3, pcut=0.25, roll=True, save_chk=False, sg='7,3', steps=1000, use_orient=True)
PyRosetta-4 2021 [Rosetta PyRosetta4.Release.python37.linux 2021.27+release.7ce64884a77d606b7b667c363527acc846541030 2021-07-09T18:10:05] retrieved from: http://www.pyrosetta.org
(C) Copyright Rosetta Commons Member Institutions. Created in JHU by Sergey Lyskov and PyRosetta Team.
Apply circular shift...
Savitzky-Golay:     7,3
dist restraints:    1131
omega restraints:   1064
theta restraints:   2126
phi restraints:     2125
mutation: G11A
mutation: G75A
setting random (phi,psi,omega)...
short + medium + long
Number of applied pair restraints: 5249
 - Distance restraints: 881
 - Omega restraints: 875
 - Theta restraints: 1749
 - Phi restraints:   1744
Energy(iter=0): 99999.9 --> -27293.2 (accept)
short + medium + long
Number of applied pair restraints: 5249
 - Distance restraints: 881
 - Omega restraints: 875
 - Theta restraints: 1749
 - Phi restraints:   1744
Energy(iter=1): -27293.2 --> -27403.4 (accept)
short + medium + long
Number of applied pair restraints: 5249
 - Distance restraints: 881
 - Omega restraints: 875
 - Theta restraints: 1749
 - Phi restraints:   1744
Energy(iter=2): -27403.4 --> -27408.4 (accept)
mutation: A11G
mutation: A75G
2.0
1.0
idealize...
relax: First round... (focused on torsion space relaxation)
Number of applied pair restraints: 5035
 - Distance restraints: 850
 - Omega restraints: 838
 - Theta restraints: 1674
 - Phi restraints:   1673
1.0
0.5
relax: Second round... (cartesian space)
Number of applied pair restraints: 431
 - Distance restraints: 431
Number of applied coordinate restraints: 95
Namespace(FASTA='valley_path_seqs.fasta', NPZ='/gpfs/gsfs8/users/cresswellclayec/DCA_ER/furano_periwal_prot/rosettafold/pyrosetta_out/t000_.3track.npz', OUT='/gpfs/gsfs8/users/cresswellclayec/DCA_ER/furano_periwal_prot/rosettafold/pyrosetta_out/pdb-3track/model0_2_0.45.pdb', bb='', fastrelax=True, mode=2, nrestarts=3, pcut=0.45, roll=True, save_chk=False, sg='7,3', steps=1000, use_orient=True)
PyRosetta-4 2021 [Rosetta PyRosetta4.Release.python37.linux 2021.27+release.7ce64884a77d606b7b667c363527acc846541030 2021-07-09T18:10:05] retrieved from: http://www.pyrosetta.org
(C) Copyright Rosetta Commons Member Institutions. Created in JHU by Sergey Lyskov and PyRosetta Team.
Apply circular shift...
Savitzky-Golay:     7,3
dist restraints:    1131
omega restraints:   1064
theta restraints:   2126
phi restraints:     2125
mutation: G11A
mutation: G75A
setting random (phi,psi,omega)...
short + medium + long
Number of applied pair restraints: 3475
 - Distance restraints: 877
 - Omega restraints: 863
 - Theta restraints: 1735
 - Phi restraints:   0
Energy(iter=0): 99999.9 --> -19659.2 (accept)
short + medium + long
Number of applied pair restraints: 3475
 - Distance restraints: 877
 - Omega restraints: 863
 - Theta restraints: 1735
 - Phi restraints:   0
Energy(iter=1): -19659.2 --> -19664.1 (accept)
short + medium + long
Number of applied pair restraints: 3475
 - Distance restraints: 877
 - Omega restraints: 863
 - Theta restraints: 1735
 - Phi restraints:   0
Energy(iter=2): -19664.1 --> -19667.6 (accept)
mutation: A11G
mutation: A75G
2.0
1.0
idealize...
relax: First round... (focused on torsion space relaxation)
Number of applied pair restraints: 5035
 - Distance restraints: 850
 - Omega restraints: 838
 - Theta restraints: 1674
 - Phi restraints:   1673
1.0
0.5
relax: Second round... (cartesian space)
Number of applied pair restraints: 431
 - Distance restraints: 431
Number of applied coordinate restraints: 95
Namespace(FASTA='valley_path_seqs.fasta', NPZ='/gpfs/gsfs8/users/cresswellclayec/DCA_ER/furano_periwal_prot/rosettafold/pyrosetta_out/t000_.3track.npz', OUT='/gpfs/gsfs8/users/cresswellclayec/DCA_ER/furano_periwal_prot/rosettafold/pyrosetta_out/pdb-3track/model0_2_0.05.pdb', bb='', fastrelax=True, mode=2, nrestarts=3, pcut=0.05, roll=True, save_chk=False, sg='7,3', steps=1000, use_orient=True)
PyRosetta-4 2021 [Rosetta PyRosetta4.Release.python37.linux 2021.27+release.7ce64884a77d606b7b667c363527acc846541030 2021-07-09T18:10:05] retrieved from: http://www.pyrosetta.org
(C) Copyright Rosetta Commons Member Institutions. Created in JHU by Sergey Lyskov and PyRosetta Team.
Apply circular shift...
Savitzky-Golay:     7,3
dist restraints:    1131
omega restraints:   1064
theta restraints:   2126
phi restraints:     2125
mutation: G11A
mutation: G75A
setting random (phi,psi,omega)...
short + medium + long
Number of applied pair restraints: 5324
 - Distance restraints: 944
 - Omega restraints: 877
 - Theta restraints: 1752
 - Phi restraints:   1751
Energy(iter=0): 99999.9 --> -27700.7 (accept)
short + medium + long
Number of applied pair restraints: 5324
 - Distance restraints: 944
 - Omega restraints: 877
 - Theta restraints: 1752
 - Phi restraints:   1751
Energy(iter=1): -27700.7 --> -27701.0 (accept)
short + medium + long
Number of applied pair restraints: 5324
 - Distance restraints: 944
 - Omega restraints: 877
 - Theta restraints: 1752
 - Phi restraints:   1751
Energy(iter=2): -27701.0 --> -27700.9 (reject)
mutation: A11G
mutation: A75G
2.0
1.0
idealize...
relax: First round... (focused on torsion space relaxation)
Number of applied pair restraints: 5035
 - Distance restraints: 850
 - Omega restraints: 838
 - Theta restraints: 1674
 - Phi restraints:   1673
1.0
0.5
relax: Second round... (cartesian space)
Number of applied pair restraints: 431
 - Distance restraints: 431
Number of applied coordinate restraints: 95
Namespace(FASTA='valley_path_seqs.fasta', NPZ='/gpfs/gsfs8/users/cresswellclayec/DCA_ER/furano_periwal_prot/rosettafold/pyrosetta_out/t000_.3track.npz', OUT='/gpfs/gsfs8/users/cresswellclayec/DCA_ER/furano_periwal_prot/rosettafold/pyrosetta_out/pdb-3track/model0_2_0.15.pdb', bb='', fastrelax=True, mode=2, nrestarts=3, pcut=0.15, roll=True, save_chk=False, sg='7,3', steps=1000, use_orient=True)
PyRosetta-4 2021 [Rosetta PyRosetta4.Release.python37.linux 2021.27+release.7ce64884a77d606b7b667c363527acc846541030 2021-07-09T18:10:05] retrieved from: http://www.pyrosetta.org
(C) Copyright Rosetta Commons Member Institutions. Created in JHU by Sergey Lyskov and PyRosetta Team.
Apply circular shift...
Savitzky-Golay:     7,3
dist restraints:    1131
omega restraints:   1064
theta restraints:   2126
phi restraints:     2125
mutation: G11A
mutation: G75A
setting random (phi,psi,omega)...
short + medium + long
Number of applied pair restraints: 5263
 - Distance restraints: 888
 - Omega restraints: 876
 - Theta restraints: 1750
 - Phi restraints:   1749
Energy(iter=0): 99999.9 --> -26815.2 (accept)
short + medium + long
Number of applied pair restraints: 5263
 - Distance restraints: 888
 - Omega restraints: 876
 - Theta restraints: 1750
 - Phi restraints:   1749
Energy(iter=1): -26815.2 --> -26824.7 (accept)
short + medium + long
Number of applied pair restraints: 5263
 - Distance restraints: 888
 - Omega restraints: 876
 - Theta restraints: 1750
 - Phi restraints:   1749
Energy(iter=2): -26824.7 --> -26850.0 (accept)
mutation: A11G
mutation: A75G
2.0
1.0
idealize...
relax: First round... (focused on torsion space relaxation)
Number of applied pair restraints: 5035
 - Distance restraints: 850
 - Omega restraints: 838
 - Theta restraints: 1674
 - Phi restraints:   1673
1.0
0.5
relax: Second round... (cartesian space)
Number of applied pair restraints: 431
 - Distance restraints: 431
Number of applied coordinate restraints: 95
Namespace(FASTA='valley_path_seqs.fasta', NPZ='/gpfs/gsfs8/users/cresswellclayec/DCA_ER/furano_periwal_prot/rosettafold/pyrosetta_out/t000_.3track.npz', OUT='/gpfs/gsfs8/users/cresswellclayec/DCA_ER/furano_periwal_prot/rosettafold/pyrosetta_out/pdb-3track/model0_0_0.35.pdb', bb='', fastrelax=True, mode=0, nrestarts=3, pcut=0.35, roll=True, save_chk=False, sg='7,3', steps=1000, use_orient=True)
PyRosetta-4 2021 [Rosetta PyRosetta4.Release.python37.linux 2021.27+release.7ce64884a77d606b7b667c363527acc846541030 2021-07-09T18:10:05] retrieved from: http://www.pyrosetta.org
(C) Copyright Rosetta Commons Member Institutions. Created in JHU by Sergey Lyskov and PyRosetta Team.
Apply circular shift...
Savitzky-Golay:     7,3
dist restraints:    1131
omega restraints:   1064
theta restraints:   2126
phi restraints:     2125
mutation: G11A
mutation: G75A
setting random (phi,psi,omega)...
short
Number of applied pair restraints: 4752
 - Distance restraints: 792
 - Omega restraints: 792
 - Theta restraints: 1584
 - Phi restraints:   1584
medium
Number of applied pair restraints: 464
 - Distance restraints: 86
 - Omega restraints: 82
 - Theta restraints: 163
 - Phi restraints:   133
long
Energy(iter=0): 99999.9 --> -27559.1 (accept)
short
Number of applied pair restraints: 4752
 - Distance restraints: 792
 - Omega restraints: 792
 - Theta restraints: 1584
 - Phi restraints:   1584
medium
Number of applied pair restraints: 464
 - Distance restraints: 86
 - Omega restraints: 82
 - Theta restraints: 163
 - Phi restraints:   133
long
Energy(iter=1): -27559.1 --> -27559.0 (reject)
short
Number of applied pair restraints: 4752
 - Distance restraints: 792
 - Omega restraints: 792
 - Theta restraints: 1584
 - Phi restraints:   1584
medium
Number of applied pair restraints: 464
 - Distance restraints: 86
 - Omega restraints: 82
 - Theta restraints: 163
 - Phi restraints:   133
long
Energy(iter=2): -27559.1 --> -27559.2 (accept)
mutation: A11G
mutation: A75G
2.0
1.0
idealize...
relax: First round... (focused on torsion space relaxation)
Number of applied pair restraints: 5035
 - Distance restraints: 850
 - Omega restraints: 838
 - Theta restraints: 1674
 - Phi restraints:   1673
1.0
0.5
relax: Second round... (cartesian space)
Number of applied pair restraints: 431
 - Distance restraints: 431
Number of applied coordinate restraints: 95
Namespace(FASTA='valley_path_seqs.fasta', NPZ='/gpfs/gsfs8/users/cresswellclayec/DCA_ER/furano_periwal_prot/rosettafold/pyrosetta_out/t000_.3track.npz', OUT='/gpfs/gsfs8/users/cresswellclayec/DCA_ER/furano_periwal_prot/rosettafold/pyrosetta_out/pdb-3track/model0_1_0.05.pdb', bb='', fastrelax=True, mode=1, nrestarts=3, pcut=0.05, roll=True, save_chk=False, sg='7,3', steps=1000, use_orient=True)
PyRosetta-4 2021 [Rosetta PyRosetta4.Release.python37.linux 2021.27+release.7ce64884a77d606b7b667c363527acc846541030 2021-07-09T18:10:05] retrieved from: http://www.pyrosetta.org
(C) Copyright Rosetta Commons Member Institutions. Created in JHU by Sergey Lyskov and PyRosetta Team.
Apply circular shift...
Savitzky-Golay:     7,3
dist restraints:    1131
omega restraints:   1064
theta restraints:   2126
phi restraints:     2125
mutation: G11A
mutation: G75A
setting random (phi,psi,omega)...
short + medium
Number of applied pair restraints: 5324
 - Distance restraints: 944
 - Omega restraints: 877
 - Theta restraints: 1752
 - Phi restraints:   1751
long
Energy(iter=0): 99999.9 --> -27654.8 (accept)
short + medium
Number of applied pair restraints: 5324
 - Distance restraints: 944
 - Omega restraints: 877
 - Theta restraints: 1752
 - Phi restraints:   1751
long
Energy(iter=1): -27654.8 --> -27664.4 (accept)
short + medium
Number of applied pair restraints: 5324
 - Distance restraints: 944
 - Omega restraints: 877
 - Theta restraints: 1752
 - Phi restraints:   1751
long
Energy(iter=2): -27664.4 --> -27702.3 (accept)
mutation: A11G
mutation: A75G
2.0
1.0
idealize...
relax: First round... (focused on torsion space relaxation)
Number of applied pair restraints: 5035
 - Distance restraints: 850
 - Omega restraints: 838
 - Theta restraints: 1674
 - Phi restraints:   1673
1.0
0.5
relax: Second round... (cartesian space)
Number of applied pair restraints: 431
 - Distance restraints: 431
Number of applied coordinate restraints: 95
Namespace(FASTA='valley_path_seqs.fasta', NPZ='/gpfs/gsfs8/users/cresswellclayec/DCA_ER/furano_periwal_prot/rosettafold/pyrosetta_out/t000_.3track.npz', OUT='/gpfs/gsfs8/users/cresswellclayec/DCA_ER/furano_periwal_prot/rosettafold/pyrosetta_out/pdb-3track/model0_1_0.45.pdb', bb='', fastrelax=True, mode=1, nrestarts=3, pcut=0.45, roll=True, save_chk=False, sg='7,3', steps=1000, use_orient=True)
PyRosetta-4 2021 [Rosetta PyRosetta4.Release.python37.linux 2021.27+release.7ce64884a77d606b7b667c363527acc846541030 2021-07-09T18:10:05] retrieved from: http://www.pyrosetta.org
(C) Copyright Rosetta Commons Member Institutions. Created in JHU by Sergey Lyskov and PyRosetta Team.
Apply circular shift...
Savitzky-Golay:     7,3
dist restraints:    1131
omega restraints:   1064
theta restraints:   2126
phi restraints:     2125
mutation: G11A
mutation: G75A
setting random (phi,psi,omega)...
short + medium
Number of applied pair restraints: 3475
 - Distance restraints: 877
 - Omega restraints: 863
 - Theta restraints: 1735
 - Phi restraints:   0
long
Energy(iter=0): 99999.9 --> -17750.0 (accept)
short + medium
Number of applied pair restraints: 3475
 - Distance restraints: 877
 - Omega restraints: 863
 - Theta restraints: 1735
 - Phi restraints:   0
long
Energy(iter=1): -17750.0 --> -17763.1 (accept)
short + medium
Number of applied pair restraints: 3475
 - Distance restraints: 877
 - Omega restraints: 863
 - Theta restraints: 1735
 - Phi restraints:   0
long
Energy(iter=2): -17763.1 --> -17765.1 (accept)
mutation: A11G
mutation: A75G
2.0
1.0
idealize...
relax: First round... (focused on torsion space relaxation)
Number of applied pair restraints: 5035
 - Distance restraints: 850
 - Omega restraints: 838
 - Theta restraints: 1674
 - Phi restraints:   1673
1.0
0.5
relax: Second round... (cartesian space)
Number of applied pair restraints: 431
 - Distance restraints: 431
Number of applied coordinate restraints: 95
Namespace(FASTA='valley_path_seqs.fasta', NPZ='/gpfs/gsfs8/users/cresswellclayec/DCA_ER/furano_periwal_prot/rosettafold/pyrosetta_out/t000_.3track.npz', OUT='/gpfs/gsfs8/users/cresswellclayec/DCA_ER/furano_periwal_prot/rosettafold/pyrosetta_out/pdb-3track/model0_0_0.15.pdb', bb='', fastrelax=True, mode=0, nrestarts=3, pcut=0.15, roll=True, save_chk=False, sg='7,3', steps=1000, use_orient=True)
PyRosetta-4 2021 [Rosetta PyRosetta4.Release.python37.linux 2021.27+release.7ce64884a77d606b7b667c363527acc846541030 2021-07-09T18:10:05] retrieved from: http://www.pyrosetta.org
(C) Copyright Rosetta Commons Member Institutions. Created in JHU by Sergey Lyskov and PyRosetta Team.
Apply circular shift...
Savitzky-Golay:     7,3
dist restraints:    1131
omega restraints:   1064
theta restraints:   2126
phi restraints:     2125
mutation: G11A
mutation: G75A
setting random (phi,psi,omega)...
short
Number of applied pair restraints: 4752
 - Distance restraints: 792
 - Omega restraints: 792
 - Theta restraints: 1584
 - Phi restraints:   1584
medium
Number of applied pair restraints: 511
 - Distance restraints: 96
 - Omega restraints: 84
 - Theta restraints: 166
 - Phi restraints:   165
long
Energy(iter=0): 99999.9 --> -24042.0 (accept)
short
Number of applied pair restraints: 4752
 - Distance restraints: 792
 - Omega restraints: 792
 - Theta restraints: 1584
 - Phi restraints:   1584
medium
Number of applied pair restraints: 511
 - Distance restraints: 96
 - Omega restraints: 84
 - Theta restraints: 166
 - Phi restraints:   165
long
Energy(iter=1): -24042.0 --> -24688.8 (accept)
short
Number of applied pair restraints: 4752
 - Distance restraints: 792
 - Omega restraints: 792
 - Theta restraints: 1584
 - Phi restraints:   1584
medium
Number of applied pair restraints: 511
 - Distance restraints: 96
 - Omega restraints: 84
 - Theta restraints: 166
 - Phi restraints:   165
long
Energy(iter=2): -24688.8 --> -27695.6 (accept)
mutation: A11G
mutation: A75G
2.0
1.0
idealize...
relax: First round... (focused on torsion space relaxation)
Number of applied pair restraints: 5035
 - Distance restraints: 850
 - Omega restraints: 838
 - Theta restraints: 1674
 - Phi restraints:   1673
1.0
0.5
relax: Second round... (cartesian space)
Number of applied pair restraints: 431
 - Distance restraints: 431
Number of applied coordinate restraints: 95
Namespace(FASTA='valley_path_seqs.fasta', NPZ='/gpfs/gsfs8/users/cresswellclayec/DCA_ER/furano_periwal_prot/rosettafold/pyrosetta_out/t000_.3track.npz', OUT='/gpfs/gsfs8/users/cresswellclayec/DCA_ER/furano_periwal_prot/rosettafold/pyrosetta_out/pdb-3track/model0_0_0.45.pdb', bb='', fastrelax=True, mode=0, nrestarts=3, pcut=0.45, roll=True, save_chk=False, sg='7,3', steps=1000, use_orient=True)
PyRosetta-4 2021 [Rosetta PyRosetta4.Release.python37.linux 2021.27+release.7ce64884a77d606b7b667c363527acc846541030 2021-07-09T18:10:05] retrieved from: http://www.pyrosetta.org
(C) Copyright Rosetta Commons Member Institutions. Created in JHU by Sergey Lyskov and PyRosetta Team.
Apply circular shift...
Savitzky-Golay:     7,3
dist restraints:    1131
omega restraints:   1064
theta restraints:   2126
phi restraints:     2125
mutation: G11A
mutation: G75A
setting random (phi,psi,omega)...
short
Number of applied pair restraints: 3168
 - Distance restraints: 792
 - Omega restraints: 792
 - Theta restraints: 1584
 - Phi restraints:   0
medium
Number of applied pair restraints: 307
 - Distance restraints: 85
 - Omega restraints: 71
 - Theta restraints: 151
 - Phi restraints:   0
long
Energy(iter=0): 99999.9 --> -19015.7 (accept)
short
Number of applied pair restraints: 3168
 - Distance restraints: 792
 - Omega restraints: 792
 - Theta restraints: 1584
 - Phi restraints:   0
medium
Number of applied pair restraints: 307
 - Distance restraints: 85
 - Omega restraints: 71
 - Theta restraints: 151
 - Phi restraints:   0
long
Energy(iter=1): -19015.7 --> -19016.0 (accept)
short
Number of applied pair restraints: 3168
 - Distance restraints: 792
 - Omega restraints: 792
 - Theta restraints: 1584
 - Phi restraints:   0
medium
Number of applied pair restraints: 307
 - Distance restraints: 85
 - Omega restraints: 71
 - Theta restraints: 151
 - Phi restraints:   0
long
Energy(iter=2): -19016.0 --> -19016.1 (accept)
mutation: A11G
mutation: A75G
2.0
1.0
idealize...
relax: First round... (focused on torsion space relaxation)
Number of applied pair restraints: 5035
 - Distance restraints: 850
 - Omega restraints: 838
 - Theta restraints: 1674
 - Phi restraints:   1673
1.0
0.5
relax: Second round... (cartesian space)
Number of applied pair restraints: 431
 - Distance restraints: 431
Number of applied coordinate restraints: 95
Namespace(FASTA='valley_path_seqs.fasta', NPZ='/gpfs/gsfs8/users/cresswellclayec/DCA_ER/furano_periwal_prot/rosettafold/pyrosetta_out/t000_.3track.npz', OUT='/gpfs/gsfs8/users/cresswellclayec/DCA_ER/furano_periwal_prot/rosettafold/pyrosetta_out/pdb-3track/model0_0_0.25.pdb', bb='', fastrelax=True, mode=0, nrestarts=3, pcut=0.25, roll=True, save_chk=False, sg='7,3', steps=1000, use_orient=True)
PyRosetta-4 2021 [Rosetta PyRosetta4.Release.python37.linux 2021.27+release.7ce64884a77d606b7b667c363527acc846541030 2021-07-09T18:10:05] retrieved from: http://www.pyrosetta.org
(C) Copyright Rosetta Commons Member Institutions. Created in JHU by Sergey Lyskov and PyRosetta Team.
Apply circular shift...
Savitzky-Golay:     7,3
dist restraints:    1131
omega restraints:   1064
theta restraints:   2126
phi restraints:     2125
mutation: G11A
mutation: G75A
setting random (phi,psi,omega)...
short
Number of applied pair restraints: 4752
 - Distance restraints: 792
 - Omega restraints: 792
 - Theta restraints: 1584
 - Phi restraints:   1584
medium
Number of applied pair restraints: 497
 - Distance restraints: 89
 - Omega restraints: 83
 - Theta restraints: 165
 - Phi restraints:   160
long
Energy(iter=0): 99999.9 --> -26763.0 (accept)
short
Number of applied pair restraints: 4752
 - Distance restraints: 792
 - Omega restraints: 792
 - Theta restraints: 1584
 - Phi restraints:   1584
medium
Number of applied pair restraints: 497
 - Distance restraints: 89
 - Omega restraints: 83
 - Theta restraints: 165
 - Phi restraints:   160
long
Energy(iter=1): -26763.0 --> -26763.2 (accept)
short
Number of applied pair restraints: 4752
 - Distance restraints: 792
 - Omega restraints: 792
 - Theta restraints: 1584
 - Phi restraints:   1584
medium
Number of applied pair restraints: 497
 - Distance restraints: 89
 - Omega restraints: 83
 - Theta restraints: 165
 - Phi restraints:   160
long
Energy(iter=2): -26763.2 --> -26763.3 (accept)
mutation: A11G
mutation: A75G
2.0
1.0
idealize...
relax: First round... (focused on torsion space relaxation)
Number of applied pair restraints: 5035
 - Distance restraints: 850
 - Omega restraints: 838
 - Theta restraints: 1674
 - Phi restraints:   1673
1.0
0.5
relax: Second round... (cartesian space)
Number of applied pair restraints: 431
 - Distance restraints: 431
Number of applied coordinate restraints: 95
