SE(3) iteration 0 [0.4026 0.4053]
SE(3) iteration 1 [0.4111 0.4639]
SE(3) iteration 2 [0.4207 0.448 ]
SE(3) iteration 3 [0.434  0.4412]
SE(3) iteration 4 [0.469 0.49 ]
SE(3) iteration 5 [0.505 0.535]
SE(3) iteration 6 [0.527  0.5747]
SE(3) iteration 7 [0.5635 0.586 ]
SE(3) iteration 8 [0.5923 0.5977]
SE(3) iteration 9 [0.623 0.605]
SE(3) iteration 10 [0.6455 0.6216]
SE(3) iteration 11 [0.657  0.6284]
SE(3) iteration 12 [0.6387 0.639 ]
SE(3) iteration 13 [0.6333 0.628 ]
SE(3) iteration 14 [0.634 0.633]
SE(3) iteration 15 [0.631 0.642]
SE(3) iteration 16 [0.643 0.641]
SE(3) iteration 17 [0.6343 0.646 ]
SE(3) iteration 18 [0.6426 0.634 ]
SE(3) iteration 19 [0.633  0.6353]
SE(3) iteration 20 [0.6274 0.636 ]
SE(3) iteration 21 [0.632 0.634]
SE(3) iteration 22 [0.6377 0.634 ]
SE(3) iteration 23 [0.634  0.6313]
SE(3) iteration 24 [0.6333 0.6323]
SE(3) iteration 25 [0.6333 0.6304]
SE(3) iteration 26 [0.6245 0.6226]
SE(3) iteration 27 [0.6274 0.6255]
SE(3) iteration 28 [0.6353 0.621 ]
SE(3) iteration 29 [0.6235 0.6216]
SE(3) iteration 30 [0.625 0.626]
SE(3) iteration 31 [0.622  0.6206]
SE(3) iteration 32 [0.626  0.6265]
