SE(3) iteration 0 [0.444  0.4639]
SE(3) iteration 1 [0.476 0.431]
SE(3) iteration 2 [0.4912 0.4597]
SE(3) iteration 3 [0.469  0.4473]
SE(3) iteration 4 [0.4985 0.5054]
SE(3) iteration 5 [0.541  0.5513]
SE(3) iteration 6 [0.5654 0.573 ]
SE(3) iteration 7 [0.5977 0.6035]
SE(3) iteration 8 [0.6143 0.6167]
SE(3) iteration 9 [0.637  0.6206]
SE(3) iteration 10 [0.65  0.642]
SE(3) iteration 11 [0.6636 0.643 ]
SE(3) iteration 12 [0.6646 0.6577]
SE(3) iteration 13 [0.6733 0.6445]
SE(3) iteration 14 [0.674 0.648]
SE(3) iteration 15 [0.6753 0.646 ]
SE(3) iteration 16 [0.6763 0.6465]
SE(3) iteration 17 [0.6733 0.653 ]
SE(3) iteration 18 [0.675 0.648]
SE(3) iteration 19 [0.6685 0.662 ]
SE(3) iteration 20 [0.6694 0.6494]
SE(3) iteration 21 [0.6714 0.655 ]
SE(3) iteration 22 [0.666 0.647]
SE(3) iteration 23 [0.663  0.6553]
SE(3) iteration 24 [0.6567 0.643 ]
SE(3) iteration 25 [0.6543 0.663 ]
SE(3) iteration 26 [0.6553 0.644 ]
SE(3) iteration 27 [0.65  0.664]
SE(3) iteration 28 [0.654  0.6323]
SE(3) iteration 29 [0.649  0.6626]
SE(3) iteration 30 [0.6533 0.6245]
SE(3) iteration 31 [0.656 0.667]
SE(3) iteration 32 [0.6533 0.634 ]
SE(3) iteration 33 [0.6514 0.667 ]
SE(3) iteration 34 [0.651  0.6367]
SE(3) iteration 35 [0.649  0.6567]
SE(3) iteration 36 [0.6455 0.6294]
SE(3) iteration 37 [0.635  0.6562]
