- 19:53:47.147 ERROR: Input file (rosettafold/vp0_perp/perp14.fasta) could not be opened!

- 19:53:47.943 INFO: Input file = /gpfs/gsfs8/users/cresswellclayec/DCA_ER/furano_periwal_prot/rosettafold/e2e_out_vp0_p14/hhblits/t000_.1e-30.a3m

- 19:53:47.944 INFO: Output file = /gpfs/gsfs8/users/cresswellclayec/DCA_ER/furano_periwal_prot/rosettafold/e2e_out_vp0_p14/hhblits/t000_.1e-30.id90cov75.a3m

- 19:53:47.944 ERROR: In /usr/local/apps/RoseTTAFold/1.1.0/hh-suite/src/hhfilter.cpp:177: main:

- 19:53:47.944 ERROR: 	could not open file '/gpfs/gsfs8/users/cresswellclayec/DCA_ER/furano_periwal_prot/rosettafold/e2e_out_vp0_p14/hhblits/t000_.1e-30.a3m'

- 19:53:47.946 INFO: Input file = /gpfs/gsfs8/users/cresswellclayec/DCA_ER/furano_periwal_prot/rosettafold/e2e_out_vp0_p14/hhblits/t000_.1e-30.a3m

- 19:53:47.946 INFO: Output file = /gpfs/gsfs8/users/cresswellclayec/DCA_ER/furano_periwal_prot/rosettafold/e2e_out_vp0_p14/hhblits/t000_.1e-30.id90cov50.a3m

- 19:53:47.946 ERROR: In /usr/local/apps/RoseTTAFold/1.1.0/hh-suite/src/hhfilter.cpp:177: main:

- 19:53:47.946 ERROR: 	could not open file '/gpfs/gsfs8/users/cresswellclayec/DCA_ER/furano_periwal_prot/rosettafold/e2e_out_vp0_p14/hhblits/t000_.1e-30.a3m'

grep: /gpfs/gsfs8/users/cresswellclayec/DCA_ER/furano_periwal_prot/rosettafold/e2e_out_vp0_p14/hhblits/t000_.1e-30.id90cov75.a3m: No such file or directory
grep: /gpfs/gsfs8/users/cresswellclayec/DCA_ER/furano_periwal_prot/rosettafold/e2e_out_vp0_p14/hhblits/t000_.1e-30.id90cov50.a3m: No such file or directory
- 19:54:06.137 ERROR: Input file (/gpfs/gsfs8/users/cresswellclayec/DCA_ER/furano_periwal_prot/rosettafold/e2e_out_vp0_p14/hhblits/t000_.1e-30.id90cov50.a3m) could not be opened!

- 19:54:06.936 INFO: Input file = /gpfs/gsfs8/users/cresswellclayec/DCA_ER/furano_periwal_prot/rosettafold/e2e_out_vp0_p14/hhblits/t000_.1e-10.a3m

- 19:54:06.936 INFO: Output file = /gpfs/gsfs8/users/cresswellclayec/DCA_ER/furano_periwal_prot/rosettafold/e2e_out_vp0_p14/hhblits/t000_.1e-10.id90cov75.a3m

- 19:54:06.936 ERROR: In /usr/local/apps/RoseTTAFold/1.1.0/hh-suite/src/hhfilter.cpp:177: main:

- 19:54:06.936 ERROR: 	could not open file '/gpfs/gsfs8/users/cresswellclayec/DCA_ER/furano_periwal_prot/rosettafold/e2e_out_vp0_p14/hhblits/t000_.1e-10.a3m'

- 19:54:06.938 INFO: Input file = /gpfs/gsfs8/users/cresswellclayec/DCA_ER/furano_periwal_prot/rosettafold/e2e_out_vp0_p14/hhblits/t000_.1e-10.a3m

- 19:54:06.938 INFO: Output file = /gpfs/gsfs8/users/cresswellclayec/DCA_ER/furano_periwal_prot/rosettafold/e2e_out_vp0_p14/hhblits/t000_.1e-10.id90cov50.a3m

- 19:54:06.938 ERROR: In /usr/local/apps/RoseTTAFold/1.1.0/hh-suite/src/hhfilter.cpp:177: main:

- 19:54:06.938 ERROR: 	could not open file '/gpfs/gsfs8/users/cresswellclayec/DCA_ER/furano_periwal_prot/rosettafold/e2e_out_vp0_p14/hhblits/t000_.1e-10.a3m'

grep: /gpfs/gsfs8/users/cresswellclayec/DCA_ER/furano_periwal_prot/rosettafold/e2e_out_vp0_p14/hhblits/t000_.1e-10.id90cov75.a3m: No such file or directory
grep: /gpfs/gsfs8/users/cresswellclayec/DCA_ER/furano_periwal_prot/rosettafold/e2e_out_vp0_p14/hhblits/t000_.1e-10.id90cov50.a3m: No such file or directory
- 19:54:25.236 ERROR: Input file (/gpfs/gsfs8/users/cresswellclayec/DCA_ER/furano_periwal_prot/rosettafold/e2e_out_vp0_p14/hhblits/t000_.1e-10.id90cov50.a3m) could not be opened!

- 19:54:26.026 INFO: Input file = /gpfs/gsfs8/users/cresswellclayec/DCA_ER/furano_periwal_prot/rosettafold/e2e_out_vp0_p14/hhblits/t000_.1e-6.a3m

- 19:54:26.026 INFO: Output file = /gpfs/gsfs8/users/cresswellclayec/DCA_ER/furano_periwal_prot/rosettafold/e2e_out_vp0_p14/hhblits/t000_.1e-6.id90cov75.a3m

- 19:54:26.029 ERROR: In /usr/local/apps/RoseTTAFold/1.1.0/hh-suite/src/hhfilter.cpp:177: main:

- 19:54:26.029 ERROR: 	could not open file '/gpfs/gsfs8/users/cresswellclayec/DCA_ER/furano_periwal_prot/rosettafold/e2e_out_vp0_p14/hhblits/t000_.1e-6.a3m'

- 19:54:26.031 INFO: Input file = /gpfs/gsfs8/users/cresswellclayec/DCA_ER/furano_periwal_prot/rosettafold/e2e_out_vp0_p14/hhblits/t000_.1e-6.a3m

- 19:54:26.032 INFO: Output file = /gpfs/gsfs8/users/cresswellclayec/DCA_ER/furano_periwal_prot/rosettafold/e2e_out_vp0_p14/hhblits/t000_.1e-6.id90cov50.a3m

- 19:54:26.032 ERROR: In /usr/local/apps/RoseTTAFold/1.1.0/hh-suite/src/hhfilter.cpp:177: main:

- 19:54:26.032 ERROR: 	could not open file '/gpfs/gsfs8/users/cresswellclayec/DCA_ER/furano_periwal_prot/rosettafold/e2e_out_vp0_p14/hhblits/t000_.1e-6.a3m'

grep: /gpfs/gsfs8/users/cresswellclayec/DCA_ER/furano_periwal_prot/rosettafold/e2e_out_vp0_p14/hhblits/t000_.1e-6.id90cov75.a3m: No such file or directory
grep: /gpfs/gsfs8/users/cresswellclayec/DCA_ER/furano_periwal_prot/rosettafold/e2e_out_vp0_p14/hhblits/t000_.1e-6.id90cov50.a3m: No such file or directory
- 19:54:44.286 ERROR: Input file (/gpfs/gsfs8/users/cresswellclayec/DCA_ER/furano_periwal_prot/rosettafold/e2e_out_vp0_p14/hhblits/t000_.1e-6.id90cov50.a3m) could not be opened!

- 19:54:45.077 INFO: Input file = /gpfs/gsfs8/users/cresswellclayec/DCA_ER/furano_periwal_prot/rosettafold/e2e_out_vp0_p14/hhblits/t000_.1e-3.a3m

- 19:54:45.077 INFO: Output file = /gpfs/gsfs8/users/cresswellclayec/DCA_ER/furano_periwal_prot/rosettafold/e2e_out_vp0_p14/hhblits/t000_.1e-3.id90cov75.a3m

- 19:54:45.078 ERROR: In /usr/local/apps/RoseTTAFold/1.1.0/hh-suite/src/hhfilter.cpp:177: main:

- 19:54:45.078 ERROR: 	could not open file '/gpfs/gsfs8/users/cresswellclayec/DCA_ER/furano_periwal_prot/rosettafold/e2e_out_vp0_p14/hhblits/t000_.1e-3.a3m'

- 19:54:45.080 INFO: Input file = /gpfs/gsfs8/users/cresswellclayec/DCA_ER/furano_periwal_prot/rosettafold/e2e_out_vp0_p14/hhblits/t000_.1e-3.a3m

- 19:54:45.080 INFO: Output file = /gpfs/gsfs8/users/cresswellclayec/DCA_ER/furano_periwal_prot/rosettafold/e2e_out_vp0_p14/hhblits/t000_.1e-3.id90cov50.a3m

- 19:54:45.080 ERROR: In /usr/local/apps/RoseTTAFold/1.1.0/hh-suite/src/hhfilter.cpp:177: main:

- 19:54:45.080 ERROR: 	could not open file '/gpfs/gsfs8/users/cresswellclayec/DCA_ER/furano_periwal_prot/rosettafold/e2e_out_vp0_p14/hhblits/t000_.1e-3.a3m'

grep: /gpfs/gsfs8/users/cresswellclayec/DCA_ER/furano_periwal_prot/rosettafold/e2e_out_vp0_p14/hhblits/t000_.1e-3.id90cov75.a3m: No such file or directory
grep: /gpfs/gsfs8/users/cresswellclayec/DCA_ER/furano_periwal_prot/rosettafold/e2e_out_vp0_p14/hhblits/t000_.1e-3.id90cov50.a3m: No such file or directory
cp: cannot stat ‘/gpfs/gsfs8/users/cresswellclayec/DCA_ER/furano_periwal_prot/rosettafold/e2e_out_vp0_p14/hhblits/t000_.1e-3.id90cov50.a3m’: No such file or directory
