Namespace(FASTA='vp0.fasta', NPZ='/gpfs/gsfs8/users/cresswellclayec/DCA_ER/furano_periwal_prot/rosettafold/pyrosetta_out_vp0/t000_.3track.npz', OUT='/gpfs/gsfs8/users/cresswellclayec/DCA_ER/furano_periwal_prot/rosettafold/pyrosetta_out_vp0/pdb-3track/model0_1_0.05.pdb', bb='', fastrelax=True, mode=1, nrestarts=3, pcut=0.05, roll=True, save_chk=False, sg='7,3', steps=1000, use_orient=True)
PyRosetta-4 2021 [Rosetta PyRosetta4.Release.python37.linux 2021.27+release.7ce64884a77d606b7b667c363527acc846541030 2021-07-09T18:10:05] retrieved from: http://www.pyrosetta.org
(C) Copyright Rosetta Commons Member Institutions. Created in JHU by Sergey Lyskov and PyRosetta Team.
Apply circular shift...
Savitzky-Golay:     7,3
dist restraints:    1132
omega restraints:   1064
theta restraints:   2126
phi restraints:     2125
mutation: G11A
mutation: G75A
setting random (phi,psi,omega)...
short + medium
Number of applied pair restraints: 5325
 - Distance restraints: 945
 - Omega restraints: 877
 - Theta restraints: 1752
 - Phi restraints:   1751
long
Energy(iter=0): 99999.9 --> -27603.2 (accept)
short + medium
Number of applied pair restraints: 5325
 - Distance restraints: 945
 - Omega restraints: 877
 - Theta restraints: 1752
 - Phi restraints:   1751
long
Energy(iter=1): -27603.2 --> -27603.1 (reject)
short + medium
Number of applied pair restraints: 5325
 - Distance restraints: 945
 - Omega restraints: 877
 - Theta restraints: 1752
 - Phi restraints:   1751
long
Energy(iter=2): -27603.2 --> -27603.1 (reject)
mutation: A11G
mutation: A75G
2.0
1.0
idealize...
relax: First round... (focused on torsion space relaxation)
Number of applied pair restraints: 5037
 - Distance restraints: 853
 - Omega restraints: 838
 - Theta restraints: 1674
 - Phi restraints:   1672
1.0
0.5
relax: Second round... (cartesian space)
Number of applied pair restraints: 431
 - Distance restraints: 431
Number of applied coordinate restraints: 95
Namespace(FASTA='vp0.fasta', NPZ='/gpfs/gsfs8/users/cresswellclayec/DCA_ER/furano_periwal_prot/rosettafold/pyrosetta_out_vp0/t000_.3track.npz', OUT='/gpfs/gsfs8/users/cresswellclayec/DCA_ER/furano_periwal_prot/rosettafold/pyrosetta_out_vp0/pdb-3track/model0_1_0.15.pdb', bb='', fastrelax=True, mode=1, nrestarts=3, pcut=0.15, roll=True, save_chk=False, sg='7,3', steps=1000, use_orient=True)
PyRosetta-4 2021 [Rosetta PyRosetta4.Release.python37.linux 2021.27+release.7ce64884a77d606b7b667c363527acc846541030 2021-07-09T18:10:05] retrieved from: http://www.pyrosetta.org
(C) Copyright Rosetta Commons Member Institutions. Created in JHU by Sergey Lyskov and PyRosetta Team.
Apply circular shift...
Savitzky-Golay:     7,3
dist restraints:    1132
omega restraints:   1064
theta restraints:   2126
phi restraints:     2125
mutation: G11A
mutation: G75A
setting random (phi,psi,omega)...
short + medium
Number of applied pair restraints: 5266
 - Distance restraints: 892
 - Omega restraints: 876
 - Theta restraints: 1750
 - Phi restraints:   1748
long
Energy(iter=0): 99999.9 --> -27593.6 (accept)
short + medium
Number of applied pair restraints: 5266
 - Distance restraints: 892
 - Omega restraints: 876
 - Theta restraints: 1750
 - Phi restraints:   1748
long
Energy(iter=1): -27593.6 --> -27593.5 (reject)
short + medium
Number of applied pair restraints: 5266
 - Distance restraints: 892
 - Omega restraints: 876
 - Theta restraints: 1750
 - Phi restraints:   1748
long
Energy(iter=2): -27593.6 --> -27593.6 (accept)
mutation: A11G
mutation: A75G
2.0
1.0
idealize...
relax: First round... (focused on torsion space relaxation)
Number of applied pair restraints: 5037
 - Distance restraints: 853
 - Omega restraints: 838
 - Theta restraints: 1674
 - Phi restraints:   1672
1.0
0.5
relax: Second round... (cartesian space)
Number of applied pair restraints: 431
 - Distance restraints: 431
Number of applied coordinate restraints: 95
Namespace(FASTA='vp0.fasta', NPZ='/gpfs/gsfs8/users/cresswellclayec/DCA_ER/furano_periwal_prot/rosettafold/pyrosetta_out_vp0/t000_.3track.npz', OUT='/gpfs/gsfs8/users/cresswellclayec/DCA_ER/furano_periwal_prot/rosettafold/pyrosetta_out_vp0/pdb-3track/model0_1_0.45.pdb', bb='', fastrelax=True, mode=1, nrestarts=3, pcut=0.45, roll=True, save_chk=False, sg='7,3', steps=1000, use_orient=True)
PyRosetta-4 2021 [Rosetta PyRosetta4.Release.python37.linux 2021.27+release.7ce64884a77d606b7b667c363527acc846541030 2021-07-09T18:10:05] retrieved from: http://www.pyrosetta.org
(C) Copyright Rosetta Commons Member Institutions. Created in JHU by Sergey Lyskov and PyRosetta Team.
Apply circular shift...
Savitzky-Golay:     7,3
dist restraints:    1132
omega restraints:   1064
theta restraints:   2126
phi restraints:     2125
mutation: G11A
mutation: G75A
setting random (phi,psi,omega)...
short + medium
Number of applied pair restraints: 3472
 - Distance restraints: 877
 - Omega restraints: 863
 - Theta restraints: 1732
 - Phi restraints:   0
long
Energy(iter=0): 99999.9 --> -19067.7 (accept)
short + medium
Number of applied pair restraints: 3472
 - Distance restraints: 877
 - Omega restraints: 863
 - Theta restraints: 1732
 - Phi restraints:   0
long
Energy(iter=1): -19067.7 --> -19075.8 (accept)
short + medium
Number of applied pair restraints: 3472
 - Distance restraints: 877
 - Omega restraints: 863
 - Theta restraints: 1732
 - Phi restraints:   0
long
Energy(iter=2): -19075.8 --> -19075.8 (accept)
mutation: A11G
mutation: A75G
2.0
1.0
idealize...
relax: First round... (focused on torsion space relaxation)
Number of applied pair restraints: 5037
 - Distance restraints: 853
 - Omega restraints: 838
 - Theta restraints: 1674
 - Phi restraints:   1672
1.0
0.5
relax: Second round... (cartesian space)
Number of applied pair restraints: 431
 - Distance restraints: 431
Number of applied coordinate restraints: 95
Namespace(FASTA='vp0.fasta', NPZ='/gpfs/gsfs8/users/cresswellclayec/DCA_ER/furano_periwal_prot/rosettafold/pyrosetta_out_vp0/t000_.3track.npz', OUT='/gpfs/gsfs8/users/cresswellclayec/DCA_ER/furano_periwal_prot/rosettafold/pyrosetta_out_vp0/pdb-3track/model0_0_0.25.pdb', bb='', fastrelax=True, mode=0, nrestarts=3, pcut=0.25, roll=True, save_chk=False, sg='7,3', steps=1000, use_orient=True)
PyRosetta-4 2021 [Rosetta PyRosetta4.Release.python37.linux 2021.27+release.7ce64884a77d606b7b667c363527acc846541030 2021-07-09T18:10:05] retrieved from: http://www.pyrosetta.org
(C) Copyright Rosetta Commons Member Institutions. Created in JHU by Sergey Lyskov and PyRosetta Team.
Apply circular shift...
Savitzky-Golay:     7,3
dist restraints:    1132
omega restraints:   1064
theta restraints:   2126
phi restraints:     2125
mutation: G11A
mutation: G75A
setting random (phi,psi,omega)...
short
Number of applied pair restraints: 4752
 - Distance restraints: 792
 - Omega restraints: 792
 - Theta restraints: 1584
 - Phi restraints:   1584
medium
Number of applied pair restraints: 499
 - Distance restraints: 91
 - Omega restraints: 83
 - Theta restraints: 165
 - Phi restraints:   160
long
Energy(iter=0): 99999.9 --> -27569.1 (accept)
short
Number of applied pair restraints: 4752
 - Distance restraints: 792
 - Omega restraints: 792
 - Theta restraints: 1584
 - Phi restraints:   1584
medium
Number of applied pair restraints: 499
 - Distance restraints: 91
 - Omega restraints: 83
 - Theta restraints: 165
 - Phi restraints:   160
long
Energy(iter=1): -27569.1 --> -27576.4 (accept)
short
Number of applied pair restraints: 4752
 - Distance restraints: 792
 - Omega restraints: 792
 - Theta restraints: 1584
 - Phi restraints:   1584
medium
Number of applied pair restraints: 499
 - Distance restraints: 91
 - Omega restraints: 83
 - Theta restraints: 165
 - Phi restraints:   160
long
Energy(iter=2): -27576.4 --> -27576.5 (accept)
mutation: A11G
mutation: A75G
2.0
1.0
idealize...
relax: First round... (focused on torsion space relaxation)
Number of applied pair restraints: 5037
 - Distance restraints: 853
 - Omega restraints: 838
 - Theta restraints: 1674
 - Phi restraints:   1672
1.0
0.5
relax: Second round... (cartesian space)
Number of applied pair restraints: 431
 - Distance restraints: 431
Number of applied coordinate restraints: 95
Namespace(FASTA='vp0.fasta', NPZ='/gpfs/gsfs8/users/cresswellclayec/DCA_ER/furano_periwal_prot/rosettafold/pyrosetta_out_vp0/t000_.3track.npz', OUT='/gpfs/gsfs8/users/cresswellclayec/DCA_ER/furano_periwal_prot/rosettafold/pyrosetta_out_vp0/pdb-3track/model0_1_0.25.pdb', bb='', fastrelax=True, mode=1, nrestarts=3, pcut=0.25, roll=True, save_chk=False, sg='7,3', steps=1000, use_orient=True)
PyRosetta-4 2021 [Rosetta PyRosetta4.Release.python37.linux 2021.27+release.7ce64884a77d606b7b667c363527acc846541030 2021-07-09T18:10:05] retrieved from: http://www.pyrosetta.org
(C) Copyright Rosetta Commons Member Institutions. Created in JHU by Sergey Lyskov and PyRosetta Team.
Apply circular shift...
Savitzky-Golay:     7,3
dist restraints:    1132
omega restraints:   1064
theta restraints:   2126
phi restraints:     2125
mutation: G11A
mutation: G75A
setting random (phi,psi,omega)...
short + medium
Number of applied pair restraints: 5251
 - Distance restraints: 883
 - Omega restraints: 875
 - Theta restraints: 1749
 - Phi restraints:   1744
long
Energy(iter=0): 99999.9 --> -25912.1 (accept)
short + medium
Number of applied pair restraints: 5251
 - Distance restraints: 883
 - Omega restraints: 875
 - Theta restraints: 1749
 - Phi restraints:   1744
long
Energy(iter=1): -25912.1 --> -27236.8 (accept)
short + medium
Number of applied pair restraints: 5251
 - Distance restraints: 883
 - Omega restraints: 875
 - Theta restraints: 1749
 - Phi restraints:   1744
long
Energy(iter=2): -27236.8 --> -27271.9 (accept)
mutation: A11G
mutation: A75G
2.0
1.0
idealize...
relax: First round... (focused on torsion space relaxation)
Number of applied pair restraints: 5037
 - Distance restraints: 853
 - Omega restraints: 838
 - Theta restraints: 1674
 - Phi restraints:   1672
1.0
0.5
relax: Second round... (cartesian space)
Number of applied pair restraints: 431
 - Distance restraints: 431
Number of applied coordinate restraints: 95
Namespace(FASTA='vp0.fasta', NPZ='/gpfs/gsfs8/users/cresswellclayec/DCA_ER/furano_periwal_prot/rosettafold/pyrosetta_out_vp0/t000_.3track.npz', OUT='/gpfs/gsfs8/users/cresswellclayec/DCA_ER/furano_periwal_prot/rosettafold/pyrosetta_out_vp0/pdb-3track/model0_0_0.05.pdb', bb='', fastrelax=True, mode=0, nrestarts=3, pcut=0.05, roll=True, save_chk=False, sg='7,3', steps=1000, use_orient=True)
PyRosetta-4 2021 [Rosetta PyRosetta4.Release.python37.linux 2021.27+release.7ce64884a77d606b7b667c363527acc846541030 2021-07-09T18:10:05] retrieved from: http://www.pyrosetta.org
(C) Copyright Rosetta Commons Member Institutions. Created in JHU by Sergey Lyskov and PyRosetta Team.
Apply circular shift...
Savitzky-Golay:     7,3
dist restraints:    1132
omega restraints:   1064
theta restraints:   2126
phi restraints:     2125
mutation: G11A
mutation: G75A
setting random (phi,psi,omega)...
short
Number of applied pair restraints: 4752
 - Distance restraints: 792
 - Omega restraints: 792
 - Theta restraints: 1584
 - Phi restraints:   1584
medium
Number of applied pair restraints: 573
 - Distance restraints: 153
 - Omega restraints: 85
 - Theta restraints: 168
 - Phi restraints:   167
long
Energy(iter=0): 99999.9 --> -27474.2 (accept)
short
Number of applied pair restraints: 4752
 - Distance restraints: 792
 - Omega restraints: 792
 - Theta restraints: 1584
 - Phi restraints:   1584
medium
Number of applied pair restraints: 573
 - Distance restraints: 153
 - Omega restraints: 85
 - Theta restraints: 168
 - Phi restraints:   167
long
Energy(iter=1): -27474.2 --> -27475.0 (accept)
short
Number of applied pair restraints: 4752
 - Distance restraints: 792
 - Omega restraints: 792
 - Theta restraints: 1584
 - Phi restraints:   1584
medium
Number of applied pair restraints: 573
 - Distance restraints: 153
 - Omega restraints: 85
 - Theta restraints: 168
 - Phi restraints:   167
long
Energy(iter=2): -27475.0 --> -27475.2 (accept)
mutation: A11G
mutation: A75G
2.0
1.0
idealize...
relax: First round... (focused on torsion space relaxation)
Number of applied pair restraints: 5037
 - Distance restraints: 853
 - Omega restraints: 838
 - Theta restraints: 1674
 - Phi restraints:   1672
1.0
0.5
relax: Second round... (cartesian space)
Number of applied pair restraints: 431
 - Distance restraints: 431
Number of applied coordinate restraints: 95
Namespace(FASTA='vp0.fasta', NPZ='/gpfs/gsfs8/users/cresswellclayec/DCA_ER/furano_periwal_prot/rosettafold/pyrosetta_out_vp0/t000_.3track.npz', OUT='/gpfs/gsfs8/users/cresswellclayec/DCA_ER/furano_periwal_prot/rosettafold/pyrosetta_out_vp0/pdb-3track/model0_0_0.35.pdb', bb='', fastrelax=True, mode=0, nrestarts=3, pcut=0.35, roll=True, save_chk=False, sg='7,3', steps=1000, use_orient=True)
PyRosetta-4 2021 [Rosetta PyRosetta4.Release.python37.linux 2021.27+release.7ce64884a77d606b7b667c363527acc846541030 2021-07-09T18:10:05] retrieved from: http://www.pyrosetta.org
(C) Copyright Rosetta Commons Member Institutions. Created in JHU by Sergey Lyskov and PyRosetta Team.
Apply circular shift...
Savitzky-Golay:     7,3
dist restraints:    1132
omega restraints:   1064
theta restraints:   2126
phi restraints:     2125
mutation: G11A
mutation: G75A
setting random (phi,psi,omega)...
short
Number of applied pair restraints: 4752
 - Distance restraints: 792
 - Omega restraints: 792
 - Theta restraints: 1584
 - Phi restraints:   1584
medium
Number of applied pair restraints: 460
 - Distance restraints: 86
 - Omega restraints: 82
 - Theta restraints: 162
 - Phi restraints:   130
long
Energy(iter=0): 99999.9 --> -26703.3 (accept)
short
Number of applied pair restraints: 4752
 - Distance restraints: 792
 - Omega restraints: 792
 - Theta restraints: 1584
 - Phi restraints:   1584
medium
Number of applied pair restraints: 460
 - Distance restraints: 86
 - Omega restraints: 82
 - Theta restraints: 162
 - Phi restraints:   130
long
Energy(iter=1): -26703.3 --> -26703.4 (accept)
short
Number of applied pair restraints: 4752
 - Distance restraints: 792
 - Omega restraints: 792
 - Theta restraints: 1584
 - Phi restraints:   1584
medium
Number of applied pair restraints: 460
 - Distance restraints: 86
 - Omega restraints: 82
 - Theta restraints: 162
 - Phi restraints:   130
long
Energy(iter=2): -26703.4 --> -26703.4 (reject)
mutation: A11G
mutation: A75G
2.0
1.0
idealize...
relax: First round... (focused on torsion space relaxation)
Number of applied pair restraints: 5037
 - Distance restraints: 853
 - Omega restraints: 838
 - Theta restraints: 1674
 - Phi restraints:   1672
1.0
0.5
relax: Second round... (cartesian space)
Number of applied pair restraints: 431
 - Distance restraints: 431
Number of applied coordinate restraints: 95
Namespace(FASTA='vp0.fasta', NPZ='/gpfs/gsfs8/users/cresswellclayec/DCA_ER/furano_periwal_prot/rosettafold/pyrosetta_out_vp0/t000_.3track.npz', OUT='/gpfs/gsfs8/users/cresswellclayec/DCA_ER/furano_periwal_prot/rosettafold/pyrosetta_out_vp0/pdb-3track/model0_1_0.35.pdb', bb='', fastrelax=True, mode=1, nrestarts=3, pcut=0.35, roll=True, save_chk=False, sg='7,3', steps=1000, use_orient=True)
PyRosetta-4 2021 [Rosetta PyRosetta4.Release.python37.linux 2021.27+release.7ce64884a77d606b7b667c363527acc846541030 2021-07-09T18:10:05] retrieved from: http://www.pyrosetta.org
(C) Copyright Rosetta Commons Member Institutions. Created in JHU by Sergey Lyskov and PyRosetta Team.
Apply circular shift...
Savitzky-Golay:     7,3
dist restraints:    1132
omega restraints:   1064
theta restraints:   2126
phi restraints:     2125
mutation: G11A
mutation: G75A
setting random (phi,psi,omega)...
short + medium
Number of applied pair restraints: 5212
 - Distance restraints: 878
 - Omega restraints: 874
 - Theta restraints: 1746
 - Phi restraints:   1714
long
Energy(iter=0): 99999.9 --> -26584.8 (accept)
short + medium
Number of applied pair restraints: 5212
 - Distance restraints: 878
 - Omega restraints: 874
 - Theta restraints: 1746
 - Phi restraints:   1714
long
Energy(iter=1): -26584.8 --> -26581.0 (reject)
short + medium
Number of applied pair restraints: 5212
 - Distance restraints: 878
 - Omega restraints: 874
 - Theta restraints: 1746
 - Phi restraints:   1714
long
Energy(iter=2): -26584.8 --> -26613.9 (accept)
mutation: A11G
mutation: A75G
2.0
1.0
idealize...
relax: First round... (focused on torsion space relaxation)
Number of applied pair restraints: 5037
 - Distance restraints: 853
 - Omega restraints: 838
 - Theta restraints: 1674
 - Phi restraints:   1672
1.0
0.5
relax: Second round... (cartesian space)
Number of applied pair restraints: 431
 - Distance restraints: 431
Number of applied coordinate restraints: 95
Namespace(FASTA='vp0.fasta', NPZ='/gpfs/gsfs8/users/cresswellclayec/DCA_ER/furano_periwal_prot/rosettafold/pyrosetta_out_vp0/t000_.3track.npz', OUT='/gpfs/gsfs8/users/cresswellclayec/DCA_ER/furano_periwal_prot/rosettafold/pyrosetta_out_vp0/pdb-3track/model0_0_0.15.pdb', bb='', fastrelax=True, mode=0, nrestarts=3, pcut=0.15, roll=True, save_chk=False, sg='7,3', steps=1000, use_orient=True)
PyRosetta-4 2021 [Rosetta PyRosetta4.Release.python37.linux 2021.27+release.7ce64884a77d606b7b667c363527acc846541030 2021-07-09T18:10:05] retrieved from: http://www.pyrosetta.org
(C) Copyright Rosetta Commons Member Institutions. Created in JHU by Sergey Lyskov and PyRosetta Team.
Apply circular shift...
Savitzky-Golay:     7,3
dist restraints:    1132
omega restraints:   1064
theta restraints:   2126
phi restraints:     2125
mutation: G11A
mutation: G75A
setting random (phi,psi,omega)...
short
Number of applied pair restraints: 4752
 - Distance restraints: 792
 - Omega restraints: 792
 - Theta restraints: 1584
 - Phi restraints:   1584
medium
Number of applied pair restraints: 514
 - Distance restraints: 100
 - Omega restraints: 84
 - Theta restraints: 166
 - Phi restraints:   164
long
Energy(iter=0): 99999.9 --> -27163.3 (accept)
short
Number of applied pair restraints: 4752
 - Distance restraints: 792
 - Omega restraints: 792
 - Theta restraints: 1584
 - Phi restraints:   1584
medium
Number of applied pair restraints: 514
 - Distance restraints: 100
 - Omega restraints: 84
 - Theta restraints: 166
 - Phi restraints:   164
long
Energy(iter=1): -27163.3 --> -27163.3 (accept)
short
Number of applied pair restraints: 4752
 - Distance restraints: 792
 - Omega restraints: 792
 - Theta restraints: 1584
 - Phi restraints:   1584
medium
Number of applied pair restraints: 514
 - Distance restraints: 100
 - Omega restraints: 84
 - Theta restraints: 166
 - Phi restraints:   164
long
Energy(iter=2): -27163.3 --> -27163.3 (reject)
mutation: A11G
mutation: A75G
2.0
1.0
idealize...
relax: First round... (focused on torsion space relaxation)
Number of applied pair restraints: 5037
 - Distance restraints: 853
 - Omega restraints: 838
 - Theta restraints: 1674
 - Phi restraints:   1672
1.0
0.5
relax: Second round... (cartesian space)
Number of applied pair restraints: 431
 - Distance restraints: 431
Number of applied coordinate restraints: 95
Namespace(FASTA='vp0.fasta', NPZ='/gpfs/gsfs8/users/cresswellclayec/DCA_ER/furano_periwal_prot/rosettafold/pyrosetta_out_vp0/t000_.3track.npz', OUT='/gpfs/gsfs8/users/cresswellclayec/DCA_ER/furano_periwal_prot/rosettafold/pyrosetta_out_vp0/pdb-3track/model0_0_0.45.pdb', bb='', fastrelax=True, mode=0, nrestarts=3, pcut=0.45, roll=True, save_chk=False, sg='7,3', steps=1000, use_orient=True)
PyRosetta-4 2021 [Rosetta PyRosetta4.Release.python37.linux 2021.27+release.7ce64884a77d606b7b667c363527acc846541030 2021-07-09T18:10:05] retrieved from: http://www.pyrosetta.org
(C) Copyright Rosetta Commons Member Institutions. Created in JHU by Sergey Lyskov and PyRosetta Team.
Apply circular shift...
Savitzky-Golay:     7,3
dist restraints:    1132
omega restraints:   1064
theta restraints:   2126
phi restraints:     2125
mutation: G11A
mutation: G75A
setting random (phi,psi,omega)...
short
Number of applied pair restraints: 3168
 - Distance restraints: 792
 - Omega restraints: 792
 - Theta restraints: 1584
 - Phi restraints:   0
medium
Number of applied pair restraints: 304
 - Distance restraints: 85
 - Omega restraints: 71
 - Theta restraints: 148
 - Phi restraints:   0
long
Energy(iter=0): 99999.9 --> -18993.8 (accept)
short
Number of applied pair restraints: 3168
 - Distance restraints: 792
 - Omega restraints: 792
 - Theta restraints: 1584
 - Phi restraints:   0
medium
Number of applied pair restraints: 304
 - Distance restraints: 85
 - Omega restraints: 71
 - Theta restraints: 148
 - Phi restraints:   0
long
Energy(iter=1): -18993.8 --> -18994.5 (accept)
short
Number of applied pair restraints: 3168
 - Distance restraints: 792
 - Omega restraints: 792
 - Theta restraints: 1584
 - Phi restraints:   0
medium
Number of applied pair restraints: 304
 - Distance restraints: 85
 - Omega restraints: 71
 - Theta restraints: 148
 - Phi restraints:   0
long
Energy(iter=2): -18994.5 --> -18995.4 (accept)
mutation: A11G
mutation: A75G
2.0
1.0
idealize...
relax: First round... (focused on torsion space relaxation)
Number of applied pair restraints: 5037
 - Distance restraints: 853
 - Omega restraints: 838
 - Theta restraints: 1674
 - Phi restraints:   1672
1.0
0.5
relax: Second round... (cartesian space)
Number of applied pair restraints: 431
 - Distance restraints: 431
Number of applied coordinate restraints: 95
Namespace(FASTA='vp0.fasta', NPZ='/gpfs/gsfs8/users/cresswellclayec/DCA_ER/furano_periwal_prot/rosettafold/pyrosetta_out_vp0/t000_.3track.npz', OUT='/gpfs/gsfs8/users/cresswellclayec/DCA_ER/furano_periwal_prot/rosettafold/pyrosetta_out_vp0/pdb-3track/model0_2_0.25.pdb', bb='', fastrelax=True, mode=2, nrestarts=3, pcut=0.25, roll=True, save_chk=False, sg='7,3', steps=1000, use_orient=True)
PyRosetta-4 2021 [Rosetta PyRosetta4.Release.python37.linux 2021.27+release.7ce64884a77d606b7b667c363527acc846541030 2021-07-09T18:10:05] retrieved from: http://www.pyrosetta.org
(C) Copyright Rosetta Commons Member Institutions. Created in JHU by Sergey Lyskov and PyRosetta Team.
Apply circular shift...
Savitzky-Golay:     7,3
dist restraints:    1132
omega restraints:   1064
theta restraints:   2126
phi restraints:     2125
mutation: G11A
mutation: G75A
setting random (phi,psi,omega)...
short + medium + long
Number of applied pair restraints: 5251
 - Distance restraints: 883
 - Omega restraints: 875
 - Theta restraints: 1749
 - Phi restraints:   1744
Energy(iter=0): 99999.9 --> -26536.4 (accept)
short + medium + long
Number of applied pair restraints: 5251
 - Distance restraints: 883
 - Omega restraints: 875
 - Theta restraints: 1749
 - Phi restraints:   1744
Energy(iter=1): -26536.4 --> -26537.1 (accept)
short + medium + long
Number of applied pair restraints: 5251
 - Distance restraints: 883
 - Omega restraints: 875
 - Theta restraints: 1749
 - Phi restraints:   1744
Energy(iter=2): -26537.1 --> -26536.8 (reject)
mutation: A11G
mutation: A75G
2.0
1.0
idealize...
relax: First round... (focused on torsion space relaxation)
Number of applied pair restraints: 5037
 - Distance restraints: 853
 - Omega restraints: 838
 - Theta restraints: 1674
 - Phi restraints:   1672
1.0
0.5
relax: Second round... (cartesian space)
Number of applied pair restraints: 431
 - Distance restraints: 431
Number of applied coordinate restraints: 95
Namespace(FASTA='vp0.fasta', NPZ='/gpfs/gsfs8/users/cresswellclayec/DCA_ER/furano_periwal_prot/rosettafold/pyrosetta_out_vp0/t000_.3track.npz', OUT='/gpfs/gsfs8/users/cresswellclayec/DCA_ER/furano_periwal_prot/rosettafold/pyrosetta_out_vp0/pdb-3track/model0_2_0.05.pdb', bb='', fastrelax=True, mode=2, nrestarts=3, pcut=0.05, roll=True, save_chk=False, sg='7,3', steps=1000, use_orient=True)
PyRosetta-4 2021 [Rosetta PyRosetta4.Release.python37.linux 2021.27+release.7ce64884a77d606b7b667c363527acc846541030 2021-07-09T18:10:05] retrieved from: http://www.pyrosetta.org
(C) Copyright Rosetta Commons Member Institutions. Created in JHU by Sergey Lyskov and PyRosetta Team.
Apply circular shift...
Savitzky-Golay:     7,3
dist restraints:    1132
omega restraints:   1064
theta restraints:   2126
phi restraints:     2125
mutation: G11A
mutation: G75A
setting random (phi,psi,omega)...
short + medium + long
Number of applied pair restraints: 5325
 - Distance restraints: 945
 - Omega restraints: 877
 - Theta restraints: 1752
 - Phi restraints:   1751
Energy(iter=0): 99999.9 --> -24607.2 (accept)
short + medium + long
Number of applied pair restraints: 5325
 - Distance restraints: 945
 - Omega restraints: 877
 - Theta restraints: 1752
 - Phi restraints:   1751
Energy(iter=1): -24607.2 --> -27310.8 (accept)
short + medium + long
Number of applied pair restraints: 5325
 - Distance restraints: 945
 - Omega restraints: 877
 - Theta restraints: 1752
 - Phi restraints:   1751
Energy(iter=2): -27310.8 --> -27360.7 (accept)
mutation: A11G
mutation: A75G
2.0
1.0
idealize...
relax: First round... (focused on torsion space relaxation)
Number of applied pair restraints: 5037
 - Distance restraints: 853
 - Omega restraints: 838
 - Theta restraints: 1674
 - Phi restraints:   1672
1.0
0.5
relax: Second round... (cartesian space)
Number of applied pair restraints: 431
 - Distance restraints: 431
Number of applied coordinate restraints: 95
Namespace(FASTA='vp0.fasta', NPZ='/gpfs/gsfs8/users/cresswellclayec/DCA_ER/furano_periwal_prot/rosettafold/pyrosetta_out_vp0/t000_.3track.npz', OUT='/gpfs/gsfs8/users/cresswellclayec/DCA_ER/furano_periwal_prot/rosettafold/pyrosetta_out_vp0/pdb-3track/model0_2_0.45.pdb', bb='', fastrelax=True, mode=2, nrestarts=3, pcut=0.45, roll=True, save_chk=False, sg='7,3', steps=1000, use_orient=True)
PyRosetta-4 2021 [Rosetta PyRosetta4.Release.python37.linux 2021.27+release.7ce64884a77d606b7b667c363527acc846541030 2021-07-09T18:10:05] retrieved from: http://www.pyrosetta.org
(C) Copyright Rosetta Commons Member Institutions. Created in JHU by Sergey Lyskov and PyRosetta Team.
Apply circular shift...
Savitzky-Golay:     7,3
dist restraints:    1132
omega restraints:   1064
theta restraints:   2126
phi restraints:     2125
mutation: G11A
mutation: G75A
setting random (phi,psi,omega)...
short + medium + long
Number of applied pair restraints: 3472
 - Distance restraints: 877
 - Omega restraints: 863
 - Theta restraints: 1732
 - Phi restraints:   0
Energy(iter=0): 99999.9 --> -17468.4 (accept)
short + medium + long
Number of applied pair restraints: 3472
 - Distance restraints: 877
 - Omega restraints: 863
 - Theta restraints: 1732
 - Phi restraints:   0
Energy(iter=1): -17468.4 --> -18186.8 (accept)
short + medium + long
Number of applied pair restraints: 3472
 - Distance restraints: 877
 - Omega restraints: 863
 - Theta restraints: 1732
 - Phi restraints:   0
Energy(iter=2): -18186.8 --> -18780.4 (accept)
mutation: A11G
mutation: A75G
2.0
1.0
idealize...
relax: First round... (focused on torsion space relaxation)
Number of applied pair restraints: 5037
 - Distance restraints: 853
 - Omega restraints: 838
 - Theta restraints: 1674
 - Phi restraints:   1672
1.0
0.5
relax: Second round... (cartesian space)
Number of applied pair restraints: 431
 - Distance restraints: 431
Number of applied coordinate restraints: 95
Namespace(FASTA='vp0.fasta', NPZ='/gpfs/gsfs8/users/cresswellclayec/DCA_ER/furano_periwal_prot/rosettafold/pyrosetta_out_vp0/t000_.3track.npz', OUT='/gpfs/gsfs8/users/cresswellclayec/DCA_ER/furano_periwal_prot/rosettafold/pyrosetta_out_vp0/pdb-3track/model0_2_0.15.pdb', bb='', fastrelax=True, mode=2, nrestarts=3, pcut=0.15, roll=True, save_chk=False, sg='7,3', steps=1000, use_orient=True)
PyRosetta-4 2021 [Rosetta PyRosetta4.Release.python37.linux 2021.27+release.7ce64884a77d606b7b667c363527acc846541030 2021-07-09T18:10:05] retrieved from: http://www.pyrosetta.org
(C) Copyright Rosetta Commons Member Institutions. Created in JHU by Sergey Lyskov and PyRosetta Team.
Apply circular shift...
Savitzky-Golay:     7,3
dist restraints:    1132
omega restraints:   1064
theta restraints:   2126
phi restraints:     2125
mutation: G11A
mutation: G75A
setting random (phi,psi,omega)...
short + medium + long
Number of applied pair restraints: 5266
 - Distance restraints: 892
 - Omega restraints: 876
 - Theta restraints: 1750
 - Phi restraints:   1748
Energy(iter=0): 99999.9 --> -27256.6 (accept)
short + medium + long
Number of applied pair restraints: 5266
 - Distance restraints: 892
 - Omega restraints: 876
 - Theta restraints: 1750
 - Phi restraints:   1748
Energy(iter=1): -27256.6 --> -27275.4 (accept)
short + medium + long
Number of applied pair restraints: 5266
 - Distance restraints: 892
 - Omega restraints: 876
 - Theta restraints: 1750
 - Phi restraints:   1748
Energy(iter=2): -27275.4 --> -27275.4 (reject)
mutation: A11G
mutation: A75G
2.0
1.0
idealize...
relax: First round... (focused on torsion space relaxation)
Number of applied pair restraints: 5037
 - Distance restraints: 853
 - Omega restraints: 838
 - Theta restraints: 1674
 - Phi restraints:   1672
1.0
0.5
relax: Second round... (cartesian space)
Number of applied pair restraints: 431
 - Distance restraints: 431
Number of applied coordinate restraints: 95
Namespace(FASTA='vp0.fasta', NPZ='/gpfs/gsfs8/users/cresswellclayec/DCA_ER/furano_periwal_prot/rosettafold/pyrosetta_out_vp0/t000_.3track.npz', OUT='/gpfs/gsfs8/users/cresswellclayec/DCA_ER/furano_periwal_prot/rosettafold/pyrosetta_out_vp0/pdb-3track/model0_2_0.35.pdb', bb='', fastrelax=True, mode=2, nrestarts=3, pcut=0.35, roll=True, save_chk=False, sg='7,3', steps=1000, use_orient=True)
PyRosetta-4 2021 [Rosetta PyRosetta4.Release.python37.linux 2021.27+release.7ce64884a77d606b7b667c363527acc846541030 2021-07-09T18:10:05] retrieved from: http://www.pyrosetta.org
(C) Copyright Rosetta Commons Member Institutions. Created in JHU by Sergey Lyskov and PyRosetta Team.
Apply circular shift...
Savitzky-Golay:     7,3
dist restraints:    1132
omega restraints:   1064
theta restraints:   2126
phi restraints:     2125
mutation: G11A
mutation: G75A
setting random (phi,psi,omega)...
short + medium + long
Number of applied pair restraints: 5212
 - Distance restraints: 878
 - Omega restraints: 874
 - Theta restraints: 1746
 - Phi restraints:   1714
Energy(iter=0): 99999.9 --> -25773.0 (accept)
short + medium + long
Number of applied pair restraints: 5212
 - Distance restraints: 878
 - Omega restraints: 874
 - Theta restraints: 1746
 - Phi restraints:   1714
Energy(iter=1): -25773.0 --> -26991.7 (accept)
short + medium + long
Number of applied pair restraints: 5212
 - Distance restraints: 878
 - Omega restraints: 874
 - Theta restraints: 1746
 - Phi restraints:   1714
Energy(iter=2): -26991.7 --> -26991.9 (accept)
mutation: A11G
mutation: A75G
2.0
1.0
idealize...
relax: First round... (focused on torsion space relaxation)
Number of applied pair restraints: 5037
 - Distance restraints: 853
 - Omega restraints: 838
 - Theta restraints: 1674
 - Phi restraints:   1672
1.0
0.5
relax: Second round... (cartesian space)
Number of applied pair restraints: 431
 - Distance restraints: 431
Number of applied coordinate restraints: 95
