SE(3) iteration 0 [0.4014 0.427 ]
SE(3) iteration 1 [0.4368 0.4685]
SE(3) iteration 2 [0.4294 0.4626]
SE(3) iteration 3 [0.4302 0.464 ]
SE(3) iteration 4 [0.4634 0.5117]
SE(3) iteration 5 [0.503 0.544]
SE(3) iteration 6 [0.5117 0.5723]
SE(3) iteration 7 [0.551 0.604]
SE(3) iteration 8 [0.579  0.6196]
SE(3) iteration 9 [0.5986 0.6357]
SE(3) iteration 10 [0.6123 0.636 ]
SE(3) iteration 11 [0.632 0.646]
SE(3) iteration 12 [0.6406 0.6377]
SE(3) iteration 13 [0.6377 0.6416]
SE(3) iteration 14 [0.636  0.6475]
SE(3) iteration 15 [0.6353 0.646 ]
SE(3) iteration 16 [0.6353 0.655 ]
SE(3) iteration 17 [0.639  0.6465]
SE(3) iteration 18 [0.6323 0.647 ]
SE(3) iteration 19 [0.6353 0.6484]
SE(3) iteration 20 [0.636  0.6465]
SE(3) iteration 21 [0.6353 0.6377]
SE(3) iteration 22 [0.6333 0.6445]
SE(3) iteration 23 [0.6333 0.627 ]
SE(3) iteration 24 [0.6367 0.633 ]
SE(3) iteration 25 [0.6357 0.626 ]
SE(3) iteration 26 [0.6357 0.6304]
SE(3) iteration 27 [0.63  0.632]
SE(3) iteration 28 [0.6367 0.627 ]
SE(3) iteration 29 [0.6343 0.637 ]
SE(3) iteration 30 [0.6396 0.6187]
SE(3) iteration 31 [0.6294 0.629 ]
SE(3) iteration 32 [0.6406 0.6367]
SE(3) iteration 33 [0.624 0.622]
SE(3) iteration 34 [0.635  0.6426]
SE(3) iteration 35 [0.629  0.6167]
SE(3) iteration 36 [0.635 0.637]
SE(3) iteration 37 [0.6206 0.6367]
