- 20:24:05.615 ERROR: Input file (rosettafold/vp0_perp/perp18.fasta) could not be opened!

- 20:24:06.411 INFO: Input file = /gpfs/gsfs8/users/cresswellclayec/DCA_ER/furano_periwal_prot/rosettafold/pyrosetta_out_vp0_p18/hhblits/t000_.1e-30.a3m

- 20:24:06.411 INFO: Output file = /gpfs/gsfs8/users/cresswellclayec/DCA_ER/furano_periwal_prot/rosettafold/pyrosetta_out_vp0_p18/hhblits/t000_.1e-30.id90cov75.a3m

- 20:24:06.411 ERROR: In /usr/local/apps/RoseTTAFold/1.1.0/hh-suite/src/hhfilter.cpp:177: main:

- 20:24:06.411 ERROR: 	could not open file '/gpfs/gsfs8/users/cresswellclayec/DCA_ER/furano_periwal_prot/rosettafold/pyrosetta_out_vp0_p18/hhblits/t000_.1e-30.a3m'

- 20:24:06.413 INFO: Input file = /gpfs/gsfs8/users/cresswellclayec/DCA_ER/furano_periwal_prot/rosettafold/pyrosetta_out_vp0_p18/hhblits/t000_.1e-30.a3m

- 20:24:06.413 INFO: Output file = /gpfs/gsfs8/users/cresswellclayec/DCA_ER/furano_periwal_prot/rosettafold/pyrosetta_out_vp0_p18/hhblits/t000_.1e-30.id90cov50.a3m

- 20:24:06.413 ERROR: In /usr/local/apps/RoseTTAFold/1.1.0/hh-suite/src/hhfilter.cpp:177: main:

- 20:24:06.413 ERROR: 	could not open file '/gpfs/gsfs8/users/cresswellclayec/DCA_ER/furano_periwal_prot/rosettafold/pyrosetta_out_vp0_p18/hhblits/t000_.1e-30.a3m'

grep: /gpfs/gsfs8/users/cresswellclayec/DCA_ER/furano_periwal_prot/rosettafold/pyrosetta_out_vp0_p18/hhblits/t000_.1e-30.id90cov75.a3m: No such file or directory
grep: /gpfs/gsfs8/users/cresswellclayec/DCA_ER/furano_periwal_prot/rosettafold/pyrosetta_out_vp0_p18/hhblits/t000_.1e-30.id90cov50.a3m: No such file or directory
- 20:24:24.733 ERROR: Input file (/gpfs/gsfs8/users/cresswellclayec/DCA_ER/furano_periwal_prot/rosettafold/pyrosetta_out_vp0_p18/hhblits/t000_.1e-30.id90cov50.a3m) could not be opened!

- 20:24:25.530 INFO: Input file = /gpfs/gsfs8/users/cresswellclayec/DCA_ER/furano_periwal_prot/rosettafold/pyrosetta_out_vp0_p18/hhblits/t000_.1e-10.a3m

- 20:24:25.530 INFO: Output file = /gpfs/gsfs8/users/cresswellclayec/DCA_ER/furano_periwal_prot/rosettafold/pyrosetta_out_vp0_p18/hhblits/t000_.1e-10.id90cov75.a3m

- 20:24:25.530 ERROR: In /usr/local/apps/RoseTTAFold/1.1.0/hh-suite/src/hhfilter.cpp:177: main:

- 20:24:25.530 ERROR: 	could not open file '/gpfs/gsfs8/users/cresswellclayec/DCA_ER/furano_periwal_prot/rosettafold/pyrosetta_out_vp0_p18/hhblits/t000_.1e-10.a3m'

- 20:24:25.532 INFO: Input file = /gpfs/gsfs8/users/cresswellclayec/DCA_ER/furano_periwal_prot/rosettafold/pyrosetta_out_vp0_p18/hhblits/t000_.1e-10.a3m

- 20:24:25.532 INFO: Output file = /gpfs/gsfs8/users/cresswellclayec/DCA_ER/furano_periwal_prot/rosettafold/pyrosetta_out_vp0_p18/hhblits/t000_.1e-10.id90cov50.a3m

- 20:24:25.532 ERROR: In /usr/local/apps/RoseTTAFold/1.1.0/hh-suite/src/hhfilter.cpp:177: main:

- 20:24:25.532 ERROR: 	could not open file '/gpfs/gsfs8/users/cresswellclayec/DCA_ER/furano_periwal_prot/rosettafold/pyrosetta_out_vp0_p18/hhblits/t000_.1e-10.a3m'

grep: /gpfs/gsfs8/users/cresswellclayec/DCA_ER/furano_periwal_prot/rosettafold/pyrosetta_out_vp0_p18/hhblits/t000_.1e-10.id90cov75.a3m: No such file or directory
grep: /gpfs/gsfs8/users/cresswellclayec/DCA_ER/furano_periwal_prot/rosettafold/pyrosetta_out_vp0_p18/hhblits/t000_.1e-10.id90cov50.a3m: No such file or directory
- 20:24:43.791 ERROR: Input file (/gpfs/gsfs8/users/cresswellclayec/DCA_ER/furano_periwal_prot/rosettafold/pyrosetta_out_vp0_p18/hhblits/t000_.1e-10.id90cov50.a3m) could not be opened!

- 20:24:44.589 INFO: Input file = /gpfs/gsfs8/users/cresswellclayec/DCA_ER/furano_periwal_prot/rosettafold/pyrosetta_out_vp0_p18/hhblits/t000_.1e-6.a3m

- 20:24:44.589 INFO: Output file = /gpfs/gsfs8/users/cresswellclayec/DCA_ER/furano_periwal_prot/rosettafold/pyrosetta_out_vp0_p18/hhblits/t000_.1e-6.id90cov75.a3m

- 20:24:44.589 ERROR: In /usr/local/apps/RoseTTAFold/1.1.0/hh-suite/src/hhfilter.cpp:177: main:

- 20:24:44.589 ERROR: 	could not open file '/gpfs/gsfs8/users/cresswellclayec/DCA_ER/furano_periwal_prot/rosettafold/pyrosetta_out_vp0_p18/hhblits/t000_.1e-6.a3m'

- 20:24:44.592 INFO: Input file = /gpfs/gsfs8/users/cresswellclayec/DCA_ER/furano_periwal_prot/rosettafold/pyrosetta_out_vp0_p18/hhblits/t000_.1e-6.a3m

- 20:24:44.592 INFO: Output file = /gpfs/gsfs8/users/cresswellclayec/DCA_ER/furano_periwal_prot/rosettafold/pyrosetta_out_vp0_p18/hhblits/t000_.1e-6.id90cov50.a3m

- 20:24:44.592 ERROR: In /usr/local/apps/RoseTTAFold/1.1.0/hh-suite/src/hhfilter.cpp:177: main:

- 20:24:44.592 ERROR: 	could not open file '/gpfs/gsfs8/users/cresswellclayec/DCA_ER/furano_periwal_prot/rosettafold/pyrosetta_out_vp0_p18/hhblits/t000_.1e-6.a3m'

grep: /gpfs/gsfs8/users/cresswellclayec/DCA_ER/furano_periwal_prot/rosettafold/pyrosetta_out_vp0_p18/hhblits/t000_.1e-6.id90cov75.a3m: No such file or directory
grep: /gpfs/gsfs8/users/cresswellclayec/DCA_ER/furano_periwal_prot/rosettafold/pyrosetta_out_vp0_p18/hhblits/t000_.1e-6.id90cov50.a3m: No such file or directory
- 20:25:02.871 ERROR: Input file (/gpfs/gsfs8/users/cresswellclayec/DCA_ER/furano_periwal_prot/rosettafold/pyrosetta_out_vp0_p18/hhblits/t000_.1e-6.id90cov50.a3m) could not be opened!

- 20:25:03.667 INFO: Input file = /gpfs/gsfs8/users/cresswellclayec/DCA_ER/furano_periwal_prot/rosettafold/pyrosetta_out_vp0_p18/hhblits/t000_.1e-3.a3m

- 20:25:03.667 INFO: Output file = /gpfs/gsfs8/users/cresswellclayec/DCA_ER/furano_periwal_prot/rosettafold/pyrosetta_out_vp0_p18/hhblits/t000_.1e-3.id90cov75.a3m

- 20:25:03.667 ERROR: In /usr/local/apps/RoseTTAFold/1.1.0/hh-suite/src/hhfilter.cpp:177: main:

- 20:25:03.667 ERROR: 	could not open file '/gpfs/gsfs8/users/cresswellclayec/DCA_ER/furano_periwal_prot/rosettafold/pyrosetta_out_vp0_p18/hhblits/t000_.1e-3.a3m'

- 20:25:03.669 INFO: Input file = /gpfs/gsfs8/users/cresswellclayec/DCA_ER/furano_periwal_prot/rosettafold/pyrosetta_out_vp0_p18/hhblits/t000_.1e-3.a3m

- 20:25:03.669 INFO: Output file = /gpfs/gsfs8/users/cresswellclayec/DCA_ER/furano_periwal_prot/rosettafold/pyrosetta_out_vp0_p18/hhblits/t000_.1e-3.id90cov50.a3m

- 20:25:03.669 ERROR: In /usr/local/apps/RoseTTAFold/1.1.0/hh-suite/src/hhfilter.cpp:177: main:

- 20:25:03.669 ERROR: 	could not open file '/gpfs/gsfs8/users/cresswellclayec/DCA_ER/furano_periwal_prot/rosettafold/pyrosetta_out_vp0_p18/hhblits/t000_.1e-3.a3m'

grep: /gpfs/gsfs8/users/cresswellclayec/DCA_ER/furano_periwal_prot/rosettafold/pyrosetta_out_vp0_p18/hhblits/t000_.1e-3.id90cov75.a3m: No such file or directory
grep: /gpfs/gsfs8/users/cresswellclayec/DCA_ER/furano_periwal_prot/rosettafold/pyrosetta_out_vp0_p18/hhblits/t000_.1e-3.id90cov50.a3m: No such file or directory
cp: cannot stat ‘/gpfs/gsfs8/users/cresswellclayec/DCA_ER/furano_periwal_prot/rosettafold/pyrosetta_out_vp0_p18/hhblits/t000_.1e-3.id90cov50.a3m’: No such file or directory
